2025-07-30 15:40:15.662 [main]  - Starting TelegramChatBotApplication using Java 17.0.14 with PID 6552 (C:\Users\Морозов Иван\IdeaProjects\projectBotApi\telegram-bot\target\classes started by Морозов Иван in C:\Users\Морозов Иван\IdeaProjects\projectBotApi)
2025-07-30 15:40:15.669 [main]  - Running with Spring Boot v3.2.5, Spring v6.1.6
2025-07-30 15:40:15.672 [main]  - No active profile set, falling back to 1 default profile: "default"
2025-07-30 15:40:17.566 [main]  - Initializing ProtocolHandler ["http-nio-8080"]
2025-07-30 15:40:17.568 [main]  - Starting service [Tomcat]
2025-07-30 15:40:17.568 [main]  - Starting Servlet engine: [Apache Tomcat/10.1.20]
2025-07-30 15:40:17.638 [main]  - Initializing Spring embedded WebApplicationContext
2025-07-30 15:40:19.737 [main]  - Starting ProtocolHandler ["http-nio-8080"]
2025-07-30 15:40:19.786 [main]  - ConsumerConfig values: 
	allow.auto.create.topics = true
	auto.commit.interval.ms = 5000
	auto.include.jmx.reporter = true
	auto.offset.reset = earliest
	bootstrap.servers = [localhost:29092]
	check.crcs = true
	client.dns.lookup = use_all_dns_ips
	client.id = consumer-telegram-bot-group-1
	client.rack = 
	connections.max.idle.ms = 540000
	default.api.timeout.ms = 60000
	enable.auto.commit = false
	exclude.internal.topics = true
	fetch.max.bytes = 52428800
	fetch.max.wait.ms = 500
	fetch.min.bytes = 1
	group.id = telegram-bot-group
	group.instance.id = null
	heartbeat.interval.ms = 3000
	interceptor.classes = []
	internal.leave.group.on.close = true
	internal.throw.on.fetch.stable.offset.unsupported = false
	isolation.level = read_uncommitted
	key.deserializer = class org.apache.kafka.common.serialization.StringDeserializer
	max.partition.fetch.bytes = 1048576
	max.poll.interval.ms = 300000
	max.poll.records = 500
	metadata.max.age.ms = 300000
	metric.reporters = []
	metrics.num.samples = 2
	metrics.recording.level = INFO
	metrics.sample.window.ms = 30000
	partition.assignment.strategy = [class org.apache.kafka.clients.consumer.RangeAssignor, class org.apache.kafka.clients.consumer.CooperativeStickyAssignor]
	receive.buffer.bytes = 65536
	reconnect.backoff.max.ms = 1000
	reconnect.backoff.ms = 50
	request.timeout.ms = 30000
	retry.backoff.ms = 100
	sasl.client.callback.handler.class = null
	sasl.jaas.config = null
	sasl.kerberos.kinit.cmd = /usr/bin/kinit
	sasl.kerberos.min.time.before.relogin = 60000
	sasl.kerberos.service.name = null
	sasl.kerberos.ticket.renew.jitter = 0.05
	sasl.kerberos.ticket.renew.window.factor = 0.8
	sasl.login.callback.handler.class = null
	sasl.login.class = null
	sasl.login.connect.timeout.ms = null
	sasl.login.read.timeout.ms = null
	sasl.login.refresh.buffer.seconds = 300
	sasl.login.refresh.min.period.seconds = 60
	sasl.login.refresh.window.factor = 0.8
	sasl.login.refresh.window.jitter = 0.05
	sasl.login.retry.backoff.max.ms = 10000
	sasl.login.retry.backoff.ms = 100
	sasl.mechanism = GSSAPI
	sasl.oauthbearer.clock.skew.seconds = 30
	sasl.oauthbearer.expected.audience = null
	sasl.oauthbearer.expected.issuer = null
	sasl.oauthbearer.jwks.endpoint.refresh.ms = 3600000
	sasl.oauthbearer.jwks.endpoint.retry.backoff.max.ms = 10000
	sasl.oauthbearer.jwks.endpoint.retry.backoff.ms = 100
	sasl.oauthbearer.jwks.endpoint.url = null
	sasl.oauthbearer.scope.claim.name = scope
	sasl.oauthbearer.sub.claim.name = sub
	sasl.oauthbearer.token.endpoint.url = null
	security.protocol = PLAINTEXT
	security.providers = null
	send.buffer.bytes = 131072
	session.timeout.ms = 45000
	socket.connection.setup.timeout.max.ms = 30000
	socket.connection.setup.timeout.ms = 10000
	ssl.cipher.suites = null
	ssl.enabled.protocols = [TLSv1.2, TLSv1.3]
	ssl.endpoint.identification.algorithm = https
	ssl.engine.factory.class = null
	ssl.key.password = null
	ssl.keymanager.algorithm = SunX509
	ssl.keystore.certificate.chain = null
	ssl.keystore.key = null
	ssl.keystore.location = null
	ssl.keystore.password = null
	ssl.keystore.type = JKS
	ssl.protocol = TLSv1.3
	ssl.provider = null
	ssl.secure.random.implementation = null
	ssl.trustmanager.algorithm = PKIX
	ssl.truststore.certificates = null
	ssl.truststore.location = null
	ssl.truststore.password = null
	ssl.truststore.type = JKS
	value.deserializer = class org.springframework.kafka.support.serializer.JsonDeserializer

2025-07-30 15:40:19.865 [main]  - Kafka version: 3.6.2
2025-07-30 15:40:19.866 [main]  - Kafka commitId: c4deed513057c94e
2025-07-30 15:40:19.866 [main]  - Kafka startTimeMs: 1753879219863
2025-07-30 15:40:19.976 [main]  - Started TelegramChatBotApplication in 4.843 seconds (process running for 5.973)
2025-07-30 15:40:20.299 [org.springframework.kafka.KafkaListenerEndpointContainer#0-0-C-1]  - [Consumer clientId=consumer-telegram-bot-group-1, groupId=telegram-bot-group] Cluster ID: a82jiWPLQVuo1ai-gjx_5Q
2025-07-30 15:40:20.301 [org.springframework.kafka.KafkaListenerEndpointContainer#0-0-C-1]  - [Consumer clientId=consumer-telegram-bot-group-1, groupId=telegram-bot-group] Discovered group coordinator localhost:29092 (id: 2147483646 rack: null)
2025-07-30 15:40:20.303 [org.springframework.kafka.KafkaListenerEndpointContainer#0-0-C-1]  - [Consumer clientId=consumer-telegram-bot-group-1, groupId=telegram-bot-group] (Re-)joining group
2025-07-30 15:40:20.320 [org.springframework.kafka.KafkaListenerEndpointContainer#0-0-C-1]  - [Consumer clientId=consumer-telegram-bot-group-1, groupId=telegram-bot-group] Request joining group due to: need to re-join with the given member-id: consumer-telegram-bot-group-1-8d686550-7658-4e11-a1c8-109c19683a41
2025-07-30 15:40:20.320 [org.springframework.kafka.KafkaListenerEndpointContainer#0-0-C-1]  - [Consumer clientId=consumer-telegram-bot-group-1, groupId=telegram-bot-group] Request joining group due to: rebalance failed due to 'The group member needs to have a valid member id before actually entering a consumer group.' (MemberIdRequiredException)
2025-07-30 15:40:20.320 [org.springframework.kafka.KafkaListenerEndpointContainer#0-0-C-1]  - [Consumer clientId=consumer-telegram-bot-group-1, groupId=telegram-bot-group] (Re-)joining group
2025-07-30 15:40:20.569 [RMI TCP Connection(5)-192.168.33.199]  - Initializing Spring DispatcherServlet 'dispatcherServlet'
2025-07-30 15:40:23.327 [org.springframework.kafka.KafkaListenerEndpointContainer#0-0-C-1]  - [Consumer clientId=consumer-telegram-bot-group-1, groupId=telegram-bot-group] Successfully joined group with generation Generation{generationId=1, memberId='consumer-telegram-bot-group-1-8d686550-7658-4e11-a1c8-109c19683a41', protocol='range'}
2025-07-30 15:40:23.331 [org.springframework.kafka.KafkaListenerEndpointContainer#0-0-C-1]  - [Consumer clientId=consumer-telegram-bot-group-1, groupId=telegram-bot-group] Finished assignment for group at generation 1: {consumer-telegram-bot-group-1-8d686550-7658-4e11-a1c8-109c19683a41=Assignment(partitions=[scrapper.responses-0, scrapper.responses-1, scrapper.responses-2])}
2025-07-30 15:40:23.339 [org.springframework.kafka.KafkaListenerEndpointContainer#0-0-C-1]  - [Consumer clientId=consumer-telegram-bot-group-1, groupId=telegram-bot-group] Successfully synced group in generation Generation{generationId=1, memberId='consumer-telegram-bot-group-1-8d686550-7658-4e11-a1c8-109c19683a41', protocol='range'}
2025-07-30 15:40:23.339 [org.springframework.kafka.KafkaListenerEndpointContainer#0-0-C-1]  - [Consumer clientId=consumer-telegram-bot-group-1, groupId=telegram-bot-group] Notifying assignor about the new Assignment(partitions=[scrapper.responses-0, scrapper.responses-1, scrapper.responses-2])
2025-07-30 15:40:23.341 [org.springframework.kafka.KafkaListenerEndpointContainer#0-0-C-1]  - [Consumer clientId=consumer-telegram-bot-group-1, groupId=telegram-bot-group] Adding newly assigned partitions: scrapper.responses-0, scrapper.responses-1, scrapper.responses-2
2025-07-30 15:40:23.346 [org.springframework.kafka.KafkaListenerEndpointContainer#0-0-C-1]  - [Consumer clientId=consumer-telegram-bot-group-1, groupId=telegram-bot-group] Found no committed offset for partition scrapper.responses-2
2025-07-30 15:40:23.347 [org.springframework.kafka.KafkaListenerEndpointContainer#0-0-C-1]  - [Consumer clientId=consumer-telegram-bot-group-1, groupId=telegram-bot-group] Found no committed offset for partition scrapper.responses-1
2025-07-30 15:40:23.347 [org.springframework.kafka.KafkaListenerEndpointContainer#0-0-C-1]  - [Consumer clientId=consumer-telegram-bot-group-1, groupId=telegram-bot-group] Found no committed offset for partition scrapper.responses-0
2025-07-30 15:40:23.356 [org.springframework.kafka.KafkaListenerEndpointContainer#0-0-C-1]  - [Consumer clientId=consumer-telegram-bot-group-1, groupId=telegram-bot-group] Resetting offset for partition scrapper.responses-2 to position FetchPosition{offset=0, offsetEpoch=Optional.empty, currentLeader=LeaderAndEpoch{leader=Optional[localhost:29092 (id: 1 rack: null)], epoch=0}}.
2025-07-30 15:40:23.357 [org.springframework.kafka.KafkaListenerEndpointContainer#0-0-C-1]  - [Consumer clientId=consumer-telegram-bot-group-1, groupId=telegram-bot-group] Resetting offset for partition scrapper.responses-1 to position FetchPosition{offset=0, offsetEpoch=Optional.empty, currentLeader=LeaderAndEpoch{leader=Optional[localhost:29092 (id: 1 rack: null)], epoch=0}}.
2025-07-30 15:40:23.357 [org.springframework.kafka.KafkaListenerEndpointContainer#0-0-C-1]  - [Consumer clientId=consumer-telegram-bot-group-1, groupId=telegram-bot-group] Resetting offset for partition scrapper.responses-0 to position FetchPosition{offset=0, offsetEpoch=Optional.empty, currentLeader=LeaderAndEpoch{leader=Optional[localhost:29092 (id: 1 rack: null)], epoch=0}}.
2025-07-30 15:41:04.556 [LinkHawkBot Telegram Executor]  - ProducerConfig values: 
	acks = -1
	auto.include.jmx.reporter = true
	batch.size = 16384
	bootstrap.servers = [localhost:29092]
	buffer.memory = 33554432
	client.dns.lookup = use_all_dns_ips
	client.id = telegram-bot-producer-1
	compression.type = none
	connections.max.idle.ms = 540000
	delivery.timeout.ms = 120000
	enable.idempotence = true
	interceptor.classes = []
	key.serializer = class org.apache.kafka.common.serialization.StringSerializer
	linger.ms = 0
	max.block.ms = 60000
	max.in.flight.requests.per.connection = 5
	max.request.size = 1048576
	metadata.max.age.ms = 300000
	metadata.max.idle.ms = 300000
	metric.reporters = []
	metrics.num.samples = 2
	metrics.recording.level = INFO
	metrics.sample.window.ms = 30000
	partitioner.adaptive.partitioning.enable = true
	partitioner.availability.timeout.ms = 0
	partitioner.class = null
	partitioner.ignore.keys = false
	receive.buffer.bytes = 32768
	reconnect.backoff.max.ms = 1000
	reconnect.backoff.ms = 50
	request.timeout.ms = 30000
	retries = 3
	retry.backoff.ms = 100
	sasl.client.callback.handler.class = null
	sasl.jaas.config = null
	sasl.kerberos.kinit.cmd = /usr/bin/kinit
	sasl.kerberos.min.time.before.relogin = 60000
	sasl.kerberos.service.name = null
	sasl.kerberos.ticket.renew.jitter = 0.05
	sasl.kerberos.ticket.renew.window.factor = 0.8
	sasl.login.callback.handler.class = null
	sasl.login.class = null
	sasl.login.connect.timeout.ms = null
	sasl.login.read.timeout.ms = null
	sasl.login.refresh.buffer.seconds = 300
	sasl.login.refresh.min.period.seconds = 60
	sasl.login.refresh.window.factor = 0.8
	sasl.login.refresh.window.jitter = 0.05
	sasl.login.retry.backoff.max.ms = 10000
	sasl.login.retry.backoff.ms = 100
	sasl.mechanism = GSSAPI
	sasl.oauthbearer.clock.skew.seconds = 30
	sasl.oauthbearer.expected.audience = null
	sasl.oauthbearer.expected.issuer = null
	sasl.oauthbearer.jwks.endpoint.refresh.ms = 3600000
	sasl.oauthbearer.jwks.endpoint.retry.backoff.max.ms = 10000
	sasl.oauthbearer.jwks.endpoint.retry.backoff.ms = 100
	sasl.oauthbearer.jwks.endpoint.url = null
	sasl.oauthbearer.scope.claim.name = scope
	sasl.oauthbearer.sub.claim.name = sub
	sasl.oauthbearer.token.endpoint.url = null
	security.protocol = PLAINTEXT
	security.providers = null
	send.buffer.bytes = 131072
	socket.connection.setup.timeout.max.ms = 30000
	socket.connection.setup.timeout.ms = 10000
	ssl.cipher.suites = null
	ssl.enabled.protocols = [TLSv1.2, TLSv1.3]
	ssl.endpoint.identification.algorithm = https
	ssl.engine.factory.class = null
	ssl.key.password = null
	ssl.keymanager.algorithm = SunX509
	ssl.keystore.certificate.chain = null
	ssl.keystore.key = null
	ssl.keystore.location = null
	ssl.keystore.password = null
	ssl.keystore.type = JKS
	ssl.protocol = TLSv1.3
	ssl.provider = null
	ssl.secure.random.implementation = null
	ssl.trustmanager.algorithm = PKIX
	ssl.truststore.certificates = null
	ssl.truststore.location = null
	ssl.truststore.password = null
	ssl.truststore.type = JKS
	transaction.timeout.ms = 60000
	transactional.id = null
	value.serializer = class org.springframework.kafka.support.serializer.JsonSerializer

2025-07-30 15:41:04.565 [LinkHawkBot Telegram Executor]  - [Producer clientId=telegram-bot-producer-1] Instantiated an idempotent producer.
2025-07-30 15:41:04.576 [LinkHawkBot Telegram Executor]  - These configurations '[spring.json.trusted.packages, max.poll.interval.ms]' were supplied but are not used yet.
2025-07-30 15:41:04.576 [LinkHawkBot Telegram Executor]  - Kafka version: 3.6.2
2025-07-30 15:41:04.576 [LinkHawkBot Telegram Executor]  - Kafka commitId: c4deed513057c94e
2025-07-30 15:41:04.576 [LinkHawkBot Telegram Executor]  - Kafka startTimeMs: 1753879264576
2025-07-30 15:41:04.584 [kafka-producer-network-thread | telegram-bot-producer-1]  - [Producer clientId=telegram-bot-producer-1] Cluster ID: a82jiWPLQVuo1ai-gjx_5Q
2025-07-30 15:41:04.617 [kafka-producer-network-thread | telegram-bot-producer-1]  - [Producer clientId=telegram-bot-producer-1] ProducerId set to 0 with epoch 0
2025-07-30 15:41:04.645 [kafka-producer-network-thread | telegram-bot-producer-1]  - [->] Отправлено в Kafka: KafkaRequest[chatId=882850654, type=CHAT_REGISTER, data={}]
2025-07-30 15:41:04.811 [org.springframework.kafka.KafkaListenerEndpointContainer#0-0-C-1]  - [-.] Получен ответ: KafkaResponse[chatId=882850654, type=CHAT_IS_EXIST_REGISTER, data={}]
2025-07-30 15:41:10.502 [kafka-producer-network-thread | telegram-bot-producer-1]  - [->] Отправлено в Kafka: KafkaRequest[chatId=882850654, type=CHAT_CHECK, data={}]
2025-07-30 15:41:10.510 [org.springframework.kafka.KafkaListenerEndpointContainer#0-0-C-1]  - [-.] Получен ответ: KafkaResponse[chatId=882850654, type=CHAT_IS_EXIST, data={Exist=true}]
2025-07-30 15:41:10.705 [kafka-producer-network-thread | telegram-bot-producer-1]  - [->] Отправлено в Kafka: KafkaRequest[chatId=882850654, type=LINK_GET_ALL_SUBS, data={}]
2025-07-30 15:41:10.718 [org.springframework.kafka.KafkaListenerEndpointContainer#0-0-C-1]  - [-.] Получен ответ: KafkaResponse[chatId=882850654, type=GET_ALL_LINKS, data={Link=[https://stackoverflow.com/questions/79633681/long-array-to-search-cause-sss-request-time-exceeded-on-suitelet-2-x, https://stackoverflow.com/questions/79686051/graphicsmagick-gif-background-color-change]}]
2025-07-30 15:41:20.312 [kafka-producer-network-thread | telegram-bot-producer-1]  - [->] Отправлено в Kafka: KafkaRequest[chatId=882850654, type=STOCK_GET_ALL_SUBS, data={}]
2025-07-30 15:41:20.474 [org.springframework.kafka.KafkaListenerEndpointContainer#0-0-C-1]  - [-.] Получен ответ: KafkaResponse[chatId=882850654, type=GET_ALL_STOCK, data={LKOH=6369.1, SBER=305.54, ABRD=206.6}]
2025-07-30 15:49:20.695 [org.springframework.kafka.KafkaListenerEndpointContainer#0-0-C-1]  - [Consumer clientId=consumer-telegram-bot-group-1, groupId=telegram-bot-group] Node -1 disconnected.
2025-07-30 15:50:04.675 [kafka-producer-network-thread | telegram-bot-producer-1]  - [Producer clientId=telegram-bot-producer-1] Node -1 disconnected.
2025-07-30 15:59:21.956 [org.springframework.kafka.KafkaListenerEndpointContainer#0-0-C-1]  - [Consumer clientId=consumer-telegram-bot-group-1, groupId=telegram-bot-group] Revoke previously assigned partitions scrapper.responses-0, scrapper.responses-1, scrapper.responses-2
2025-07-30 15:59:21.957 [org.springframework.kafka.KafkaListenerEndpointContainer#0-0-C-1]  - [Consumer clientId=consumer-telegram-bot-group-1, groupId=telegram-bot-group] Member consumer-telegram-bot-group-1-8d686550-7658-4e11-a1c8-109c19683a41 sending LeaveGroup request to coordinator localhost:29092 (id: 2147483646 rack: null) due to the consumer unsubscribed from all topics
2025-07-30 15:59:21.957 [org.springframework.kafka.KafkaListenerEndpointContainer#0-0-C-1]  - [Consumer clientId=consumer-telegram-bot-group-1, groupId=telegram-bot-group] Resetting generation and member id due to: consumer pro-actively leaving the group
2025-07-30 15:59:21.957 [org.springframework.kafka.KafkaListenerEndpointContainer#0-0-C-1]  - [Consumer clientId=consumer-telegram-bot-group-1, groupId=telegram-bot-group] Request joining group due to: consumer pro-actively leaving the group
2025-07-30 15:59:21.958 [org.springframework.kafka.KafkaListenerEndpointContainer#0-0-C-1]  - [Consumer clientId=consumer-telegram-bot-group-1, groupId=telegram-bot-group] Resetting generation and member id due to: consumer pro-actively leaving the group
2025-07-30 15:59:21.958 [org.springframework.kafka.KafkaListenerEndpointContainer#0-0-C-1]  - [Consumer clientId=consumer-telegram-bot-group-1, groupId=telegram-bot-group] Request joining group due to: consumer pro-actively leaving the group
2025-07-30 15:59:22.003 [org.springframework.kafka.KafkaListenerEndpointContainer#0-0-C-1]  - Metrics scheduler closed
2025-07-30 15:59:22.003 [org.springframework.kafka.KafkaListenerEndpointContainer#0-0-C-1]  - Closing reporter org.apache.kafka.common.metrics.JmxReporter
2025-07-30 15:59:22.003 [org.springframework.kafka.KafkaListenerEndpointContainer#0-0-C-1]  - Metrics reporters closed
2025-07-30 15:59:22.006 [org.springframework.kafka.KafkaListenerEndpointContainer#0-0-C-1]  - App info kafka.consumer for consumer-telegram-bot-group-1 unregistered
2025-07-30 15:59:24.124 [SpringApplicationShutdownHook]  - [Producer clientId=telegram-bot-producer-1] Closing the Kafka producer with timeoutMillis = 30000 ms.
2025-07-30 15:59:24.126 [SpringApplicationShutdownHook]  - Metrics scheduler closed
2025-07-30 15:59:24.127 [SpringApplicationShutdownHook]  - Closing reporter org.apache.kafka.common.metrics.JmxReporter
2025-07-30 15:59:24.127 [SpringApplicationShutdownHook]  - Metrics reporters closed
2025-07-30 15:59:24.127 [SpringApplicationShutdownHook]  - App info kafka.producer for telegram-bot-producer-1 unregistered
