2025-05-10 19:31:27.876 [main]  - Starting TelegramChatBotApplication using Java 17.0.14 with PID 23508 (C:\Users\LORD\IdeaProjects\project-bot-api\telegram-bot\target\classes started by LORD in C:\Users\LORD\IdeaProjects\project-bot-api)
2025-05-10 19:31:27.879 [main]  - Running with Spring Boot v3.2.5, Spring v6.1.6
2025-05-10 19:31:27.880 [main]  - No active profile set, falling back to 1 default profile: "default"
2025-05-10 19:31:28.604 [main]  - Initializing ProtocolHandler ["http-nio-8080"]
2025-05-10 19:31:28.605 [main]  - Starting service [Tomcat]
2025-05-10 19:31:28.606 [main]  - Starting Servlet engine: [Apache Tomcat/10.1.20]
2025-05-10 19:31:28.658 [main]  - Initializing Spring embedded WebApplicationContext
2025-05-10 19:31:29.843 [main]  - Starting ProtocolHandler ["http-nio-8080"]
2025-05-10 19:31:29.917 [main]  - Started TelegramChatBotApplication in 2.32 seconds (process running for 5.804)
2025-05-10 19:32:14.810 [LinkHawkBot Telegram Executor]  - ❌ Не удалось подписаться на вопрос: chatId=882850654, questionId=Optional[79592526]
2025-05-10 19:40:18.409 [main]  - Starting TelegramChatBotApplication using Java 17.0.14 with PID 22608 (C:\Users\LORD\IdeaProjects\project-bot-api\telegram-bot\target\classes started by LORD in C:\Users\LORD\IdeaProjects\project-bot-api)
2025-05-10 19:40:18.410 [main]  - Running with Spring Boot v3.2.5, Spring v6.1.6
2025-05-10 19:40:18.411 [main]  - No active profile set, falling back to 1 default profile: "default"
2025-05-10 19:40:19.112 [main]  - Initializing ProtocolHandler ["http-nio-8080"]
2025-05-10 19:40:19.114 [main]  - Starting service [Tomcat]
2025-05-10 19:40:19.114 [main]  - Starting Servlet engine: [Apache Tomcat/10.1.20]
2025-05-10 19:40:19.164 [main]  - Initializing Spring embedded WebApplicationContext
2025-05-10 19:40:20.055 [main]  - Starting ProtocolHandler ["http-nio-8080"]
2025-05-10 19:40:20.129 [main]  - Started TelegramChatBotApplication in 2.001 seconds (process running for 2.652)
2025-05-10 19:40:39.734 [LinkHawkBot Telegram Executor]  - Пользователь подписался: chatId=882850654, questionId=79592526
2025-05-10 19:40:42.412 [LinkHawkBot Telegram Executor]  - Пользователь подписался: chatId=882850654, questionId=79592526
2025-05-10 19:47:48.551 [main]  - Starting TelegramChatBotApplication using Java 17.0.14 with PID 20160 (C:\Users\LORD\IdeaProjects\project-bot-api\telegram-bot\target\classes started by LORD in C:\Users\LORD\IdeaProjects\project-bot-api)
2025-05-10 19:47:48.552 [main]  - Running with Spring Boot v3.2.5, Spring v6.1.6
2025-05-10 19:47:48.552 [main]  - No active profile set, falling back to 1 default profile: "default"
2025-05-10 19:47:49.242 [main]  - Initializing ProtocolHandler ["http-nio-8080"]
2025-05-10 19:47:49.244 [main]  - Starting service [Tomcat]
2025-05-10 19:47:49.244 [main]  - Starting Servlet engine: [Apache Tomcat/10.1.20]
2025-05-10 19:47:49.301 [main]  - Initializing Spring embedded WebApplicationContext
2025-05-10 19:47:50.169 [main]  - Starting ProtocolHandler ["http-nio-8080"]
2025-05-10 19:47:50.251 [main]  - Started TelegramChatBotApplication in 1.975 seconds (process running for 2.595)
2025-05-10 19:48:07.586 [LinkHawkBot Telegram Executor]  - Пользователь подписался: chatId=882850654, questionId=79592526
2025-05-10 20:39:14.687 [main]  - Starting TelegramChatBotApplication using Java 17.0.14 with PID 29388 (C:\Users\LORD\IdeaProjects\project-bot-api\telegram-bot\target\classes started by LORD in C:\Users\LORD\IdeaProjects\project-bot-api)
2025-05-10 20:39:14.689 [main]  - Running with Spring Boot v3.2.5, Spring v6.1.6
2025-05-10 20:39:14.689 [main]  - No active profile set, falling back to 1 default profile: "default"
2025-05-10 20:39:15.420 [main]  - Initializing ProtocolHandler ["http-nio-8080"]
2025-05-10 20:39:15.422 [main]  - Starting service [Tomcat]
2025-05-10 20:39:15.422 [main]  - Starting Servlet engine: [Apache Tomcat/10.1.20]
2025-05-10 20:39:15.479 [main]  - Initializing Spring embedded WebApplicationContext
2025-05-10 20:39:16.461 [main]  - Starting ProtocolHandler ["http-nio-8080"]
2025-05-10 20:39:16.537 [main]  - Started TelegramChatBotApplication in 2.183 seconds (process running for 2.946)
2025-05-10 20:39:59.370 [LinkHawkBot Telegram Executor]  - Пользователь подписался: chatId=882850654, questionId=79615752
2025-05-10 20:55:22.171 [LinkHawkBot Telegram Executor]  - Пользователь подписался: chatId=882850654, questionId=79615762
