2025-04-11 09:10:14.436 [main]  - Starting TelegramchatbotApplication using Java 17.0.14 with PID 4300 (C:\Users\Морозов Иван\IdeaProjects\projectBotApi\telegram-bot\target\classes started by Морозов Иван in C:\Users\Морозов Иван\IdeaProjects\projectBotApi)
2025-04-11 09:10:14.438 [main]  - Running with Spring Boot v3.2.5, Spring v6.1.6
2025-04-11 09:10:14.439 [main]  - No active profile set, falling back to 1 default profile: "default"
2025-04-11 09:10:15.165 [main]  - Initializing ProtocolHandler ["http-nio-8080"]
2025-04-11 09:10:15.167 [main]  - Starting service [Tomcat]
2025-04-11 09:10:15.167 [main]  - Starting Servlet engine: [Apache Tomcat/10.1.20]
2025-04-11 09:10:15.211 [main]  - Initializing Spring embedded WebApplicationContext
2025-04-11 09:10:15.978 [main]  - Starting ProtocolHandler ["http-nio-8080"]
2025-04-11 09:10:16.054 [main]  - Started TelegramchatbotApplication in 2.01 seconds (process running for 3.181)
2025-04-11 09:10:40.870 [LinkHawkBot Telegram Executor]  - Пользователь сделал запрос LordIoan
2025-04-11 14:13:42.365 [main]  - Starting TelegramchatbotApplication using Java 17.0.14 with PID 8996 (C:\Users\Морозов Иван\IdeaProjects\projectBotApi\telegram-bot\target\classes started by Морозов Иван in C:\Users\Морозов Иван\IdeaProjects\projectBotApi)
2025-04-11 14:13:42.367 [main]  - Running with Spring Boot v3.2.5, Spring v6.1.6
2025-04-11 14:13:42.367 [main]  - No active profile set, falling back to 1 default profile: "default"
2025-04-11 14:13:43.118 [main]  - Initializing ProtocolHandler ["http-nio-8080"]
2025-04-11 14:13:43.120 [main]  - Starting service [Tomcat]
2025-04-11 14:13:43.120 [main]  - Starting Servlet engine: [Apache Tomcat/10.1.20]
2025-04-11 14:13:43.167 [main]  - Initializing Spring embedded WebApplicationContext
2025-04-11 14:13:44.305 [main]  - Starting ProtocolHandler ["http-nio-8080"]
2025-04-11 14:13:44.401 [main]  - Started TelegramchatbotApplication in 2.354 seconds (process running for 3.168)
2025-04-11 14:19:10.630 [http-nio-8080-exec-1]  - Initializing Spring DispatcherServlet 'dispatcherServlet'
2025-04-11 14:19:10.712 [LinkHawkBot Telegram Executor]  - ERROR / Ошибка в методе registerChat 404 Not Found from POST http://localhost:8080/tg-chat/882850654
2025-04-11 14:19:10.893 [LinkHawkBot Telegram Executor]  - Зарегистрировали пользователя LordIoan
2025-04-11 14:21:11.816 [main]  - Starting TelegramchatbotApplication using Java 17.0.14 with PID 1680 (C:\Users\Морозов Иван\IdeaProjects\projectBotApi\telegram-bot\target\classes started by Морозов Иван in C:\Users\Морозов Иван\IdeaProjects\projectBotApi)
2025-04-11 14:21:11.816 [main]  - Running with Spring Boot v3.2.5, Spring v6.1.6
2025-04-11 14:21:11.818 [main]  - No active profile set, falling back to 1 default profile: "default"
2025-04-11 14:21:12.461 [main]  - Initializing ProtocolHandler ["http-nio-8080"]
2025-04-11 14:21:12.463 [main]  - Starting service [Tomcat]
2025-04-11 14:21:12.463 [main]  - Starting Servlet engine: [Apache Tomcat/10.1.20]
2025-04-11 14:21:12.502 [main]  - Initializing Spring embedded WebApplicationContext
2025-04-11 14:21:13.423 [main]  - Starting ProtocolHandler ["http-nio-8080"]
2025-04-11 14:21:13.494 [main]  - Started TelegramchatbotApplication in 2.018 seconds (process running for 2.677)
2025-04-11 14:21:20.058 [LinkHawkBot Telegram Executor]  - ERROR / Ошибка в методе registerChat 500 Internal Server Error from POST http://localhost:9081/tg-chat/882850654
2025-04-11 14:33:43.947 [main]  - Starting TelegramchatbotApplication using Java 17.0.14 with PID 1564 (C:\Users\Морозов Иван\IdeaProjects\projectBotApi\telegram-bot\target\classes started by Морозов Иван in C:\Users\Морозов Иван\IdeaProjects\projectBotApi)
2025-04-11 14:33:43.948 [main]  - Running with Spring Boot v3.2.5, Spring v6.1.6
2025-04-11 14:33:43.949 [main]  - No active profile set, falling back to 1 default profile: "default"
2025-04-11 14:33:44.648 [main]  - Initializing ProtocolHandler ["http-nio-8080"]
2025-04-11 14:33:44.649 [main]  - Starting service [Tomcat]
2025-04-11 14:33:44.650 [main]  - Starting Servlet engine: [Apache Tomcat/10.1.20]
2025-04-11 14:33:44.688 [main]  - Initializing Spring embedded WebApplicationContext
2025-04-11 14:33:45.654 [main]  - Starting ProtocolHandler ["http-nio-8080"]
2025-04-11 14:33:45.732 [main]  - Started TelegramchatbotApplication in 2.111 seconds (process running for 3.09)
2025-04-11 14:34:01.059 [LinkHawkBot Telegram Executor]  - ERROR / Ошибка в методе registerChat 500 Internal Server Error from POST http://localhost:9081/tg-chat/882850654
2025-04-11 14:36:57.058 [LinkHawkBot Telegram Executor]  - Зарегистрировали пользователя LordIoan
2025-04-11 14:37:53.340 [LinkHawkBot Telegram Executor]  - ERROR / Ошибка в методе registerChat 400 Bad Request from POST http://localhost:9081/tg-chat/882850654
2025-04-11 14:39:25.652 [LinkHawkBot Telegram Executor]  - Зарегистрировали пользователя LordIoan
2025-04-11 14:39:28.194 [LinkHawkBot Telegram Executor]  - Зарегистрировали пользователя LordIoan
2025-04-11 14:39:33.928 [LinkHawkBot Telegram Executor]  - Зарегистрировали пользователя LordIoan
2025-04-11 15:08:04.510 [main]  - Starting TelegramchatbotApplication using Java 17.0.14 with PID 9804 (C:\Users\Морозов Иван\IdeaProjects\projectBotApi\telegram-bot\target\classes started by Морозов Иван in C:\Users\Морозов Иван\IdeaProjects\projectBotApi)
2025-04-11 15:08:04.512 [main]  - Running with Spring Boot v3.2.5, Spring v6.1.6
2025-04-11 15:08:04.513 [main]  - No active profile set, falling back to 1 default profile: "default"
2025-04-11 15:08:05.189 [main]  - Initializing ProtocolHandler ["http-nio-8080"]
2025-04-11 15:08:05.190 [main]  - Starting service [Tomcat]
2025-04-11 15:08:05.190 [main]  - Starting Servlet engine: [Apache Tomcat/10.1.20]
2025-04-11 15:08:05.229 [main]  - Initializing Spring embedded WebApplicationContext
2025-04-11 15:08:06.291 [main]  - Starting ProtocolHandler ["http-nio-8080"]
2025-04-11 15:08:06.386 [main]  - Started TelegramchatbotApplication in 2.197 seconds (process running for 2.868)
2025-04-11 15:08:16.803 [LinkHawkBot Telegram Executor]  - Ошибка проверки регистрации чата 882850654: 400 BAD_REQUEST
2025-04-11 15:08:16.933 [LinkHawkBot Telegram Executor]  - Зарегистрировали пользователя LordIoan
2025-04-11 15:08:19.984 [LinkHawkBot Telegram Executor]  - JSON decoding error: Cannot deserialize value of type `java.lang.Boolean` from String "FOUND": only "true" or "false" recognized
org.springframework.core.codec.DecodingException: JSON decoding error: Cannot deserialize value of type `java.lang.Boolean` from String "FOUND": only "true" or "false" recognized
	at org.springframework.http.codec.json.AbstractJackson2Decoder.processException(AbstractJackson2Decoder.java:275)
	Suppressed: reactor.core.publisher.FluxOnAssembly$OnAssemblyException: 
Error has been observed at the following site(s):
	*__checkpoint ⇢ Body from GET http://localhost:9081/tg-chat/882850654/exists [DefaultClientResponse]
Original Stack Trace:
		at org.springframework.http.codec.json.AbstractJackson2Decoder.processException(AbstractJackson2Decoder.java:275)
		at org.springframework.http.codec.json.AbstractJackson2Decoder.decode(AbstractJackson2Decoder.java:211)
		at org.springframework.http.codec.json.AbstractJackson2Decoder.lambda$decodeToMono$2(AbstractJackson2Decoder.java:191)
		at reactor.core.publisher.MonoFlatMap$FlatMapMain.onNext(MonoFlatMap.java:132)
		at reactor.core.publisher.FluxContextWrite$ContextWriteSubscriber.onNext(FluxContextWrite.java:107)
		at reactor.core.publisher.FluxMapFuseable$MapFuseableConditionalSubscriber.onNext(FluxMapFuseable.java:299)
		at reactor.core.publisher.FluxFilterFuseable$FilterFuseableConditionalSubscriber.onNext(FluxFilterFuseable.java:337)
		at reactor.core.publisher.Operators$BaseFluxToMonoOperator.completePossiblyEmpty(Operators.java:2097)
		at reactor.core.publisher.MonoCollect$CollectSubscriber.onComplete(MonoCollect.java:145)
		at reactor.core.publisher.FluxMap$MapSubscriber.onComplete(FluxMap.java:144)
		at reactor.core.publisher.FluxPeek$PeekSubscriber.onComplete(FluxPeek.java:260)
		at reactor.core.publisher.FluxMap$MapSubscriber.onComplete(FluxMap.java:144)
		at reactor.netty.channel.FluxReceive.onInboundComplete(FluxReceive.java:415)
		at reactor.netty.channel.ChannelOperations.onInboundComplete(ChannelOperations.java:446)
		at reactor.netty.channel.ChannelOperations.terminate(ChannelOperations.java:500)
		at reactor.netty.http.client.HttpClientOperations.onInboundNext(HttpClientOperations.java:793)
		at reactor.netty.channel.ChannelOperationsHandler.channelRead(ChannelOperationsHandler.java:114)
		at io.netty.channel.AbstractChannelHandlerContext.invokeChannelRead(AbstractChannelHandlerContext.java:444)
		at io.netty.channel.AbstractChannelHandlerContext.invokeChannelRead(AbstractChannelHandlerContext.java:420)
		at io.netty.channel.AbstractChannelHandlerContext.fireChannelRead(AbstractChannelHandlerContext.java:412)
		at io.netty.handler.codec.MessageToMessageDecoder.channelRead(MessageToMessageDecoder.java:103)
		at io.netty.channel.AbstractChannelHandlerContext.invokeChannelRead(AbstractChannelHandlerContext.java:444)
		at io.netty.channel.AbstractChannelHandlerContext.invokeChannelRead(AbstractChannelHandlerContext.java:420)
		at io.netty.channel.AbstractChannelHandlerContext.fireChannelRead(AbstractChannelHandlerContext.java:412)
		at io.netty.channel.CombinedChannelDuplexHandler$DelegatingChannelHandlerContext.fireChannelRead(CombinedChannelDuplexHandler.java:436)
		at io.netty.handler.codec.ByteToMessageDecoder.fireChannelRead(ByteToMessageDecoder.java:346)
		at io.netty.handler.codec.ByteToMessageDecoder.channelRead(ByteToMessageDecoder.java:318)
		at io.netty.channel.CombinedChannelDuplexHandler.channelRead(CombinedChannelDuplexHandler.java:251)
		at io.netty.channel.AbstractChannelHandlerContext.invokeChannelRead(AbstractChannelHandlerContext.java:442)
		at io.netty.channel.AbstractChannelHandlerContext.invokeChannelRead(AbstractChannelHandlerContext.java:420)
		at io.netty.channel.AbstractChannelHandlerContext.fireChannelRead(AbstractChannelHandlerContext.java:412)
		at io.netty.channel.DefaultChannelPipeline$HeadContext.channelRead(DefaultChannelPipeline.java:1410)
		at io.netty.channel.AbstractChannelHandlerContext.invokeChannelRead(AbstractChannelHandlerContext.java:440)
		at io.netty.channel.AbstractChannelHandlerContext.invokeChannelRead(AbstractChannelHandlerContext.java:420)
		at io.netty.channel.DefaultChannelPipeline.fireChannelRead(DefaultChannelPipeline.java:919)
		at io.netty.channel.nio.AbstractNioByteChannel$NioByteUnsafe.read(AbstractNioByteChannel.java:166)
		at io.netty.channel.nio.NioEventLoop.processSelectedKey(NioEventLoop.java:788)
		at io.netty.channel.nio.NioEventLoop.processSelectedKeysOptimized(NioEventLoop.java:724)
		at io.netty.channel.nio.NioEventLoop.processSelectedKeys(NioEventLoop.java:650)
		at io.netty.channel.nio.NioEventLoop.run(NioEventLoop.java:562)
		at io.netty.util.concurrent.SingleThreadEventExecutor$4.run(SingleThreadEventExecutor.java:997)
		at io.netty.util.internal.ThreadExecutorMap$2.run(ThreadExecutorMap.java:74)
		at io.netty.util.concurrent.FastThreadLocalRunnable.run(FastThreadLocalRunnable.java:30)
		at java.base/java.lang.Thread.run(Thread.java:840)
	Suppressed: java.lang.Exception: #block terminated with an error
		at reactor.core.publisher.BlockingSingleSubscriber.blockingGet(BlockingSingleSubscriber.java:104)
		at reactor.core.publisher.Mono.block(Mono.java:1779)
		at client.telegrambot.me.ivanmorozov.common.ScrapperApiClient.isChatRegister(ScrapperClient.java:40)
		at service.telegrambot.me.ivanmorozov.common.TelegramBotService.startCommand(TgBotService.java:79)
		at service.telegrambot.me.ivanmorozov.common.TelegramBotService.onUpdateReceived(TgBotService.java:64)
		at java.base/java.util.ArrayList.forEach(ArrayList.java:1511)
		at org.telegram.telegrambots.meta.generics.LongPollingBot.onUpdatesReceived(LongPollingBot.java:27)
		at org.telegram.telegrambots.updatesreceivers.DefaultBotSession$HandlerThread.run(DefaultBotSession.java:312)
Caused by: com.fasterxml.jackson.databind.exc.InvalidFormatException: Cannot deserialize value of type `java.lang.Boolean` from String "FOUND": only "true" or "false" recognized
 at [Source: (org.springframework.core.io.buffer.DataBufferInputStream); line: 1, column: 1]
	at com.fasterxml.jackson.databind.exc.InvalidFormatException.from(InvalidFormatException.java:67)
	at com.fasterxml.jackson.databind.DeserializationContext.weirdStringException(DeserializationContext.java:2002)
	at com.fasterxml.jackson.databind.DeserializationContext.handleWeirdStringValue(DeserializationContext.java:1230)
	at com.fasterxml.jackson.databind.deser.std.StdDeserializer._parseBoolean(StdDeserializer.java:550)
	at com.fasterxml.jackson.databind.deser.std.NumberDeserializers$BooleanDeserializer.deserialize(NumberDeserializers.java:227)
	at com.fasterxml.jackson.databind.deser.std.NumberDeserializers$BooleanDeserializer.deserialize(NumberDeserializers.java:200)
	at com.fasterxml.jackson.databind.deser.DefaultDeserializationContext.readRootValue(DefaultDeserializationContext.java:323)
	at com.fasterxml.jackson.databind.ObjectReader._bindAndClose(ObjectReader.java:2105)
	at com.fasterxml.jackson.databind.ObjectReader.readValue(ObjectReader.java:1481)
	at org.springframework.http.codec.json.AbstractJackson2Decoder.decode(AbstractJackson2Decoder.java:206)
	at org.springframework.http.codec.json.AbstractJackson2Decoder.lambda$decodeToMono$2(AbstractJackson2Decoder.java:191)
	at reactor.core.publisher.MonoFlatMap$FlatMapMain.onNext(MonoFlatMap.java:132)
	at reactor.core.publisher.FluxContextWrite$ContextWriteSubscriber.onNext(FluxContextWrite.java:107)
	at reactor.core.publisher.FluxMapFuseable$MapFuseableConditionalSubscriber.onNext(FluxMapFuseable.java:299)
	at reactor.core.publisher.FluxFilterFuseable$FilterFuseableConditionalSubscriber.onNext(FluxFilterFuseable.java:337)
	at reactor.core.publisher.Operators$BaseFluxToMonoOperator.completePossiblyEmpty(Operators.java:2097)
	at reactor.core.publisher.MonoCollect$CollectSubscriber.onComplete(MonoCollect.java:145)
	at reactor.core.publisher.FluxMap$MapSubscriber.onComplete(FluxMap.java:144)
	at reactor.core.publisher.FluxPeek$PeekSubscriber.onComplete(FluxPeek.java:260)
	at reactor.core.publisher.FluxMap$MapSubscriber.onComplete(FluxMap.java:144)
	at reactor.netty.channel.FluxReceive.onInboundComplete(FluxReceive.java:415)
	at reactor.netty.channel.ChannelOperations.onInboundComplete(ChannelOperations.java:446)
	at reactor.netty.channel.ChannelOperations.terminate(ChannelOperations.java:500)
	at reactor.netty.http.client.HttpClientOperations.onInboundNext(HttpClientOperations.java:793)
	at reactor.netty.channel.ChannelOperationsHandler.channelRead(ChannelOperationsHandler.java:114)
	at io.netty.channel.AbstractChannelHandlerContext.invokeChannelRead(AbstractChannelHandlerContext.java:444)
	at io.netty.channel.AbstractChannelHandlerContext.invokeChannelRead(AbstractChannelHandlerContext.java:420)
	at io.netty.channel.AbstractChannelHandlerContext.fireChannelRead(AbstractChannelHandlerContext.java:412)
	at io.netty.handler.codec.MessageToMessageDecoder.channelRead(MessageToMessageDecoder.java:103)
	at io.netty.channel.AbstractChannelHandlerContext.invokeChannelRead(AbstractChannelHandlerContext.java:444)
	at io.netty.channel.AbstractChannelHandlerContext.invokeChannelRead(AbstractChannelHandlerContext.java:420)
	at io.netty.channel.AbstractChannelHandlerContext.fireChannelRead(AbstractChannelHandlerContext.java:412)
	at io.netty.channel.CombinedChannelDuplexHandler$DelegatingChannelHandlerContext.fireChannelRead(CombinedChannelDuplexHandler.java:436)
	at io.netty.handler.codec.ByteToMessageDecoder.fireChannelRead(ByteToMessageDecoder.java:346)
	at io.netty.handler.codec.ByteToMessageDecoder.channelRead(ByteToMessageDecoder.java:318)
	at io.netty.channel.CombinedChannelDuplexHandler.channelRead(CombinedChannelDuplexHandler.java:251)
	at io.netty.channel.AbstractChannelHandlerContext.invokeChannelRead(AbstractChannelHandlerContext.java:442)
	at io.netty.channel.AbstractChannelHandlerContext.invokeChannelRead(AbstractChannelHandlerContext.java:420)
	at io.netty.channel.AbstractChannelHandlerContext.fireChannelRead(AbstractChannelHandlerContext.java:412)
	at io.netty.channel.DefaultChannelPipeline$HeadContext.channelRead(DefaultChannelPipeline.java:1410)
	at io.netty.channel.AbstractChannelHandlerContext.invokeChannelRead(AbstractChannelHandlerContext.java:440)
	at io.netty.channel.AbstractChannelHandlerContext.invokeChannelRead(AbstractChannelHandlerContext.java:420)
	at io.netty.channel.DefaultChannelPipeline.fireChannelRead(DefaultChannelPipeline.java:919)
	at io.netty.channel.nio.AbstractNioByteChannel$NioByteUnsafe.read(AbstractNioByteChannel.java:166)
	at io.netty.channel.nio.NioEventLoop.processSelectedKey(NioEventLoop.java:788)
	at io.netty.channel.nio.NioEventLoop.processSelectedKeysOptimized(NioEventLoop.java:724)
	at io.netty.channel.nio.NioEventLoop.processSelectedKeys(NioEventLoop.java:650)
	at io.netty.channel.nio.NioEventLoop.run(NioEventLoop.java:562)
	at io.netty.util.concurrent.SingleThreadEventExecutor$4.run(SingleThreadEventExecutor.java:997)
	at io.netty.util.internal.ThreadExecutorMap$2.run(ThreadExecutorMap.java:74)
	at io.netty.util.concurrent.FastThreadLocalRunnable.run(FastThreadLocalRunnable.java:30)
	at java.base/java.lang.Thread.run(Thread.java:840)
2025-04-11 15:09:16.625 [main]  - Starting TelegramchatbotApplication using Java 17.0.14 with PID 3632 (C:\Users\Морозов Иван\IdeaProjects\projectBotApi\telegram-bot\target\classes started by Морозов Иван in C:\Users\Морозов Иван\IdeaProjects\projectBotApi)
2025-04-11 15:09:16.628 [main]  - Running with Spring Boot v3.2.5, Spring v6.1.6
2025-04-11 15:09:16.628 [main]  - No active profile set, falling back to 1 default profile: "default"
2025-04-11 15:09:17.264 [main]  - Initializing ProtocolHandler ["http-nio-8080"]
2025-04-11 15:09:17.266 [main]  - Starting service [Tomcat]
2025-04-11 15:09:17.266 [main]  - Starting Servlet engine: [Apache Tomcat/10.1.20]
2025-04-11 15:09:17.304 [main]  - Initializing Spring embedded WebApplicationContext
2025-04-11 15:09:18.145 [main]  - Starting ProtocolHandler ["http-nio-8080"]
2025-04-11 15:09:18.220 [main]  - Started TelegramchatbotApplication in 1.92 seconds (process running for 2.744)
2025-04-11 15:09:24.040 [LinkHawkBot Telegram Executor]  - JSON decoding error: Cannot deserialize value of type `java.lang.Boolean` from String "FOUND": only "true" or "false" recognized
org.springframework.core.codec.DecodingException: JSON decoding error: Cannot deserialize value of type `java.lang.Boolean` from String "FOUND": only "true" or "false" recognized
	at org.springframework.http.codec.json.AbstractJackson2Decoder.processException(AbstractJackson2Decoder.java:275)
	Suppressed: reactor.core.publisher.FluxOnAssembly$OnAssemblyException: 
Error has been observed at the following site(s):
	*__checkpoint ⇢ Body from GET http://localhost:9081/tg-chat/882850654/exists [DefaultClientResponse]
Original Stack Trace:
		at org.springframework.http.codec.json.AbstractJackson2Decoder.processException(AbstractJackson2Decoder.java:275)
		at org.springframework.http.codec.json.AbstractJackson2Decoder.decode(AbstractJackson2Decoder.java:211)
		at org.springframework.http.codec.json.AbstractJackson2Decoder.lambda$decodeToMono$2(AbstractJackson2Decoder.java:191)
		at reactor.core.publisher.MonoFlatMap$FlatMapMain.onNext(MonoFlatMap.java:132)
		at reactor.core.publisher.FluxContextWrite$ContextWriteSubscriber.onNext(FluxContextWrite.java:107)
		at reactor.core.publisher.FluxMapFuseable$MapFuseableConditionalSubscriber.onNext(FluxMapFuseable.java:299)
		at reactor.core.publisher.FluxFilterFuseable$FilterFuseableConditionalSubscriber.onNext(FluxFilterFuseable.java:337)
		at reactor.core.publisher.Operators$BaseFluxToMonoOperator.completePossiblyEmpty(Operators.java:2097)
		at reactor.core.publisher.MonoCollect$CollectSubscriber.onComplete(MonoCollect.java:145)
		at reactor.core.publisher.FluxMap$MapSubscriber.onComplete(FluxMap.java:144)
		at reactor.core.publisher.FluxPeek$PeekSubscriber.onComplete(FluxPeek.java:260)
		at reactor.core.publisher.FluxMap$MapSubscriber.onComplete(FluxMap.java:144)
		at reactor.netty.channel.FluxReceive.onInboundComplete(FluxReceive.java:415)
		at reactor.netty.channel.ChannelOperations.onInboundComplete(ChannelOperations.java:446)
		at reactor.netty.channel.ChannelOperations.terminate(ChannelOperations.java:500)
		at reactor.netty.http.client.HttpClientOperations.onInboundNext(HttpClientOperations.java:793)
		at reactor.netty.channel.ChannelOperationsHandler.channelRead(ChannelOperationsHandler.java:114)
		at io.netty.channel.AbstractChannelHandlerContext.invokeChannelRead(AbstractChannelHandlerContext.java:444)
		at io.netty.channel.AbstractChannelHandlerContext.invokeChannelRead(AbstractChannelHandlerContext.java:420)
		at io.netty.channel.AbstractChannelHandlerContext.fireChannelRead(AbstractChannelHandlerContext.java:412)
		at io.netty.handler.codec.MessageToMessageDecoder.channelRead(MessageToMessageDecoder.java:103)
		at io.netty.channel.AbstractChannelHandlerContext.invokeChannelRead(AbstractChannelHandlerContext.java:444)
		at io.netty.channel.AbstractChannelHandlerContext.invokeChannelRead(AbstractChannelHandlerContext.java:420)
		at io.netty.channel.AbstractChannelHandlerContext.fireChannelRead(AbstractChannelHandlerContext.java:412)
		at io.netty.channel.CombinedChannelDuplexHandler$DelegatingChannelHandlerContext.fireChannelRead(CombinedChannelDuplexHandler.java:436)
		at io.netty.handler.codec.ByteToMessageDecoder.fireChannelRead(ByteToMessageDecoder.java:346)
		at io.netty.handler.codec.ByteToMessageDecoder.channelRead(ByteToMessageDecoder.java:318)
		at io.netty.channel.CombinedChannelDuplexHandler.channelRead(CombinedChannelDuplexHandler.java:251)
		at io.netty.channel.AbstractChannelHandlerContext.invokeChannelRead(AbstractChannelHandlerContext.java:442)
		at io.netty.channel.AbstractChannelHandlerContext.invokeChannelRead(AbstractChannelHandlerContext.java:420)
		at io.netty.channel.AbstractChannelHandlerContext.fireChannelRead(AbstractChannelHandlerContext.java:412)
		at io.netty.channel.DefaultChannelPipeline$HeadContext.channelRead(DefaultChannelPipeline.java:1410)
		at io.netty.channel.AbstractChannelHandlerContext.invokeChannelRead(AbstractChannelHandlerContext.java:440)
		at io.netty.channel.AbstractChannelHandlerContext.invokeChannelRead(AbstractChannelHandlerContext.java:420)
		at io.netty.channel.DefaultChannelPipeline.fireChannelRead(DefaultChannelPipeline.java:919)
		at io.netty.channel.nio.AbstractNioByteChannel$NioByteUnsafe.read(AbstractNioByteChannel.java:166)
		at io.netty.channel.nio.NioEventLoop.processSelectedKey(NioEventLoop.java:788)
		at io.netty.channel.nio.NioEventLoop.processSelectedKeysOptimized(NioEventLoop.java:724)
		at io.netty.channel.nio.NioEventLoop.processSelectedKeys(NioEventLoop.java:650)
		at io.netty.channel.nio.NioEventLoop.run(NioEventLoop.java:562)
		at io.netty.util.concurrent.SingleThreadEventExecutor$4.run(SingleThreadEventExecutor.java:997)
		at io.netty.util.internal.ThreadExecutorMap$2.run(ThreadExecutorMap.java:74)
		at io.netty.util.concurrent.FastThreadLocalRunnable.run(FastThreadLocalRunnable.java:30)
		at java.base/java.lang.Thread.run(Thread.java:840)
	Suppressed: java.lang.Exception: #block terminated with an error
		at reactor.core.publisher.BlockingSingleSubscriber.blockingGet(BlockingSingleSubscriber.java:104)
		at reactor.core.publisher.Mono.block(Mono.java:1779)
		at client.telegrambot.me.ivanmorozov.common.ScrapperApiClient.isChatRegister(ScrapperClient.java:40)
		at service.telegrambot.me.ivanmorozov.common.TelegramBotService.startCommand(TgBotService.java:79)
		at service.telegrambot.me.ivanmorozov.common.TelegramBotService.onUpdateReceived(TgBotService.java:64)
		at java.base/java.util.ArrayList.forEach(ArrayList.java:1511)
		at org.telegram.telegrambots.meta.generics.LongPollingBot.onUpdatesReceived(LongPollingBot.java:27)
		at org.telegram.telegrambots.updatesreceivers.DefaultBotSession$HandlerThread.run(DefaultBotSession.java:312)
Caused by: com.fasterxml.jackson.databind.exc.InvalidFormatException: Cannot deserialize value of type `java.lang.Boolean` from String "FOUND": only "true" or "false" recognized
 at [Source: (org.springframework.core.io.buffer.DataBufferInputStream); line: 1, column: 1]
	at com.fasterxml.jackson.databind.exc.InvalidFormatException.from(InvalidFormatException.java:67)
	at com.fasterxml.jackson.databind.DeserializationContext.weirdStringException(DeserializationContext.java:2002)
	at com.fasterxml.jackson.databind.DeserializationContext.handleWeirdStringValue(DeserializationContext.java:1230)
	at com.fasterxml.jackson.databind.deser.std.StdDeserializer._parseBoolean(StdDeserializer.java:550)
	at com.fasterxml.jackson.databind.deser.std.NumberDeserializers$BooleanDeserializer.deserialize(NumberDeserializers.java:227)
	at com.fasterxml.jackson.databind.deser.std.NumberDeserializers$BooleanDeserializer.deserialize(NumberDeserializers.java:200)
	at com.fasterxml.jackson.databind.deser.DefaultDeserializationContext.readRootValue(DefaultDeserializationContext.java:323)
	at com.fasterxml.jackson.databind.ObjectReader._bindAndClose(ObjectReader.java:2105)
	at com.fasterxml.jackson.databind.ObjectReader.readValue(ObjectReader.java:1481)
	at org.springframework.http.codec.json.AbstractJackson2Decoder.decode(AbstractJackson2Decoder.java:206)
	at org.springframework.http.codec.json.AbstractJackson2Decoder.lambda$decodeToMono$2(AbstractJackson2Decoder.java:191)
	at reactor.core.publisher.MonoFlatMap$FlatMapMain.onNext(MonoFlatMap.java:132)
	at reactor.core.publisher.FluxContextWrite$ContextWriteSubscriber.onNext(FluxContextWrite.java:107)
	at reactor.core.publisher.FluxMapFuseable$MapFuseableConditionalSubscriber.onNext(FluxMapFuseable.java:299)
	at reactor.core.publisher.FluxFilterFuseable$FilterFuseableConditionalSubscriber.onNext(FluxFilterFuseable.java:337)
	at reactor.core.publisher.Operators$BaseFluxToMonoOperator.completePossiblyEmpty(Operators.java:2097)
	at reactor.core.publisher.MonoCollect$CollectSubscriber.onComplete(MonoCollect.java:145)
	at reactor.core.publisher.FluxMap$MapSubscriber.onComplete(FluxMap.java:144)
	at reactor.core.publisher.FluxPeek$PeekSubscriber.onComplete(FluxPeek.java:260)
	at reactor.core.publisher.FluxMap$MapSubscriber.onComplete(FluxMap.java:144)
	at reactor.netty.channel.FluxReceive.onInboundComplete(FluxReceive.java:415)
	at reactor.netty.channel.ChannelOperations.onInboundComplete(ChannelOperations.java:446)
	at reactor.netty.channel.ChannelOperations.terminate(ChannelOperations.java:500)
	at reactor.netty.http.client.HttpClientOperations.onInboundNext(HttpClientOperations.java:793)
	at reactor.netty.channel.ChannelOperationsHandler.channelRead(ChannelOperationsHandler.java:114)
	at io.netty.channel.AbstractChannelHandlerContext.invokeChannelRead(AbstractChannelHandlerContext.java:444)
	at io.netty.channel.AbstractChannelHandlerContext.invokeChannelRead(AbstractChannelHandlerContext.java:420)
	at io.netty.channel.AbstractChannelHandlerContext.fireChannelRead(AbstractChannelHandlerContext.java:412)
	at io.netty.handler.codec.MessageToMessageDecoder.channelRead(MessageToMessageDecoder.java:103)
	at io.netty.channel.AbstractChannelHandlerContext.invokeChannelRead(AbstractChannelHandlerContext.java:444)
	at io.netty.channel.AbstractChannelHandlerContext.invokeChannelRead(AbstractChannelHandlerContext.java:420)
	at io.netty.channel.AbstractChannelHandlerContext.fireChannelRead(AbstractChannelHandlerContext.java:412)
	at io.netty.channel.CombinedChannelDuplexHandler$DelegatingChannelHandlerContext.fireChannelRead(CombinedChannelDuplexHandler.java:436)
	at io.netty.handler.codec.ByteToMessageDecoder.fireChannelRead(ByteToMessageDecoder.java:346)
	at io.netty.handler.codec.ByteToMessageDecoder.channelRead(ByteToMessageDecoder.java:318)
	at io.netty.channel.CombinedChannelDuplexHandler.channelRead(CombinedChannelDuplexHandler.java:251)
	at io.netty.channel.AbstractChannelHandlerContext.invokeChannelRead(AbstractChannelHandlerContext.java:442)
	at io.netty.channel.AbstractChannelHandlerContext.invokeChannelRead(AbstractChannelHandlerContext.java:420)
	at io.netty.channel.AbstractChannelHandlerContext.fireChannelRead(AbstractChannelHandlerContext.java:412)
	at io.netty.channel.DefaultChannelPipeline$HeadContext.channelRead(DefaultChannelPipeline.java:1410)
	at io.netty.channel.AbstractChannelHandlerContext.invokeChannelRead(AbstractChannelHandlerContext.java:440)
	at io.netty.channel.AbstractChannelHandlerContext.invokeChannelRead(AbstractChannelHandlerContext.java:420)
	at io.netty.channel.DefaultChannelPipeline.fireChannelRead(DefaultChannelPipeline.java:919)
	at io.netty.channel.nio.AbstractNioByteChannel$NioByteUnsafe.read(AbstractNioByteChannel.java:166)
	at io.netty.channel.nio.NioEventLoop.processSelectedKey(NioEventLoop.java:788)
	at io.netty.channel.nio.NioEventLoop.processSelectedKeysOptimized(NioEventLoop.java:724)
	at io.netty.channel.nio.NioEventLoop.processSelectedKeys(NioEventLoop.java:650)
	at io.netty.channel.nio.NioEventLoop.run(NioEventLoop.java:562)
	at io.netty.util.concurrent.SingleThreadEventExecutor$4.run(SingleThreadEventExecutor.java:997)
	at io.netty.util.internal.ThreadExecutorMap$2.run(ThreadExecutorMap.java:74)
	at io.netty.util.concurrent.FastThreadLocalRunnable.run(FastThreadLocalRunnable.java:30)
	at java.base/java.lang.Thread.run(Thread.java:840)
2025-04-11 15:11:45.476 [main]  - Starting TelegramchatbotApplication using Java 17.0.14 with PID 9456 (C:\Users\Морозов Иван\IdeaProjects\projectBotApi\telegram-bot\target\classes started by Морозов Иван in C:\Users\Морозов Иван\IdeaProjects\projectBotApi)
2025-04-11 15:11:45.478 [main]  - Running with Spring Boot v3.2.5, Spring v6.1.6
2025-04-11 15:11:45.478 [main]  - No active profile set, falling back to 1 default profile: "default"
2025-04-11 15:11:46.164 [main]  - Initializing ProtocolHandler ["http-nio-8080"]
2025-04-11 15:11:46.166 [main]  - Starting service [Tomcat]
2025-04-11 15:11:46.166 [main]  - Starting Servlet engine: [Apache Tomcat/10.1.20]
2025-04-11 15:11:46.207 [main]  - Initializing Spring embedded WebApplicationContext
2025-04-11 15:11:47.112 [main]  - Starting ProtocolHandler ["http-nio-8080"]
2025-04-11 15:11:47.197 [main]  - Started TelegramchatbotApplication in 2.036 seconds (process running for 3.147)
2025-04-11 15:11:58.052 [LinkHawkBot Telegram Executor]  - Зарегистрировали пользователя LordIoan
2025-04-11 15:11:59.968 [LinkHawkBot Telegram Executor]  - Пользователь LordIoan (chatId=882850654) уже зарегистрирован
2025-04-11 15:11:59.984 [LinkHawkBot Telegram Executor]  - ERROR / Ошибка в методе registerChat 400 Bad Request from POST http://localhost:9081/tg-chat/882850654
2025-04-11 15:12:23.003 [main]  - Starting TelegramchatbotApplication using Java 17.0.14 with PID 1652 (C:\Users\Морозов Иван\IdeaProjects\projectBotApi\telegram-bot\target\classes started by Морозов Иван in C:\Users\Морозов Иван\IdeaProjects\projectBotApi)
2025-04-11 15:12:23.005 [main]  - Running with Spring Boot v3.2.5, Spring v6.1.6
2025-04-11 15:12:23.006 [main]  - No active profile set, falling back to 1 default profile: "default"
2025-04-11 15:12:23.691 [main]  - Initializing ProtocolHandler ["http-nio-8080"]
2025-04-11 15:12:23.692 [main]  - Starting service [Tomcat]
2025-04-11 15:12:23.692 [main]  - Starting Servlet engine: [Apache Tomcat/10.1.20]
2025-04-11 15:12:23.732 [main]  - Initializing Spring embedded WebApplicationContext
2025-04-11 15:12:24.662 [main]  - Starting ProtocolHandler ["http-nio-8080"]
2025-04-11 15:12:24.738 [main]  - Started TelegramchatbotApplication in 2.062 seconds (process running for 2.713)
2025-04-11 15:12:29.026 [LinkHawkBot Telegram Executor]  - Пользователь LordIoan (chatId=882850654) уже зарегистрирован
2025-04-11 15:41:03.653 [LinkHawkBot Telegram Executor]  - Зарегистрировали пользователя null
2025-04-11 15:41:07.794 [LinkHawkBot Telegram Executor]  - Пользователь null (chatId=7610309765) уже зарегистрирован
2025-04-11 15:42:36.251 [LinkHawkBot Telegram Executor]  - Пользователь LordIoan (chatId=882850654) уже зарегистрирован
2025-04-13 16:56:04.890 [main]  - Starting TelegramChatBotApplication using Java 17.0.14 with PID 24272 (C:\Users\LORD\IdeaProjects\project-bot-api\telegram-bot\target\classes started by LORD in C:\Users\LORD\IdeaProjects\project-bot-api)
2025-04-13 16:56:04.891 [main]  - Running with Spring Boot v3.2.5, Spring v6.1.6
2025-04-13 16:56:04.891 [main]  - No active profile set, falling back to 1 default profile: "default"
2025-04-13 16:56:05.658 [main]  - Initializing ProtocolHandler ["http-nio-8080"]
2025-04-13 16:56:05.659 [main]  - Starting service [Tomcat]
2025-04-13 16:56:05.659 [main]  - Starting Servlet engine: [Apache Tomcat/10.1.20]
2025-04-13 16:56:05.711 [main]  - Initializing Spring embedded WebApplicationContext
2025-04-13 16:56:06.715 [main]  - Starting ProtocolHandler ["http-nio-8080"]
2025-04-13 16:56:06.795 [main]  - Started TelegramChatBotApplication in 2.268 seconds (process running for 3.093)
2025-04-13 16:56:26.847 [LinkHawkBot Telegram Executor]  - Зарегистрировали пользователя LordIoan
2025-04-14 21:31:28.426 [main]  - Starting TelegramChatBotApplication using Java 17.0.14 with PID 5340 (C:\Users\LORD\IdeaProjects\project-bot-api\telegram-bot\target\classes started by LORD in C:\Users\LORD\IdeaProjects\project-bot-api)
2025-04-14 21:31:28.428 [main]  - Running with Spring Boot v3.2.5, Spring v6.1.6
2025-04-14 21:31:28.428 [main]  - No active profile set, falling back to 1 default profile: "default"
2025-04-14 21:31:29.038 [main]  - Initializing ProtocolHandler ["http-nio-8080"]
2025-04-14 21:31:29.039 [main]  - Starting service [Tomcat]
2025-04-14 21:31:29.039 [main]  - Starting Servlet engine: [Apache Tomcat/10.1.20]
2025-04-14 21:31:29.090 [main]  - Initializing Spring embedded WebApplicationContext
2025-04-14 21:31:29.940 [main]  - Starting ProtocolHandler ["http-nio-8080"]
2025-04-14 21:31:30.015 [main]  - Started TelegramChatBotApplication in 1.873 seconds (process running for 2.536)
2025-04-14 21:33:03.687 [main]  - Starting TelegramChatBotApplication using Java 17.0.14 with PID 23260 (C:\Users\LORD\IdeaProjects\project-bot-api\telegram-bot\target\classes started by LORD in C:\Users\LORD\IdeaProjects\project-bot-api)
2025-04-14 21:33:03.688 [main]  - Running with Spring Boot v3.2.5, Spring v6.1.6
2025-04-14 21:33:03.688 [main]  - No active profile set, falling back to 1 default profile: "default"
2025-04-14 21:33:04.308 [main]  - Initializing ProtocolHandler ["http-nio-8080"]
2025-04-14 21:33:04.311 [main]  - Starting service [Tomcat]
2025-04-14 21:33:04.311 [main]  - Starting Servlet engine: [Apache Tomcat/10.1.20]
2025-04-14 21:33:04.356 [main]  - Initializing Spring embedded WebApplicationContext
2025-04-14 21:33:05.235 [main]  - Starting ProtocolHandler ["http-nio-8080"]
2025-04-14 21:33:05.325 [main]  - Started TelegramChatBotApplication in 1.927 seconds (process running for 2.587)
2025-04-21 14:10:12.564 [main]  - Starting TelegramChatBotApplication using Java 17.0.14 with PID 4604 (C:\Users\Морозов Иван\IdeaProjects\projectBotApi\telegram-bot\target\classes started by Морозов Иван in C:\Users\Морозов Иван\IdeaProjects\projectBotApi)
2025-04-21 14:10:12.567 [main]  - Running with Spring Boot v3.2.5, Spring v6.1.6
2025-04-21 14:10:12.568 [main]  - No active profile set, falling back to 1 default profile: "default"
2025-04-21 14:10:13.373 [main]  - Initializing ProtocolHandler ["http-nio-8080"]
2025-04-21 14:10:13.374 [main]  - Starting service [Tomcat]
2025-04-21 14:10:13.375 [main]  - Starting Servlet engine: [Apache Tomcat/10.1.20]
2025-04-21 14:10:13.420 [main]  - Initializing Spring embedded WebApplicationContext
2025-04-21 14:10:14.521 [main]  - Starting ProtocolHandler ["http-nio-8080"]
2025-04-21 14:10:14.619 [main]  - Started TelegramChatBotApplication in 2.463 seconds (process running for 3.419)
2025-04-21 14:11:43.189 [LinkHawkBot Telegram Executor]  - Ошибка проверки регистрации чата 882850654: 404 NOT_FOUND
2025-04-21 14:11:43.195 [LinkHawkBot Telegram Executor]  - ERROR / Ошибка в методе registerChat 404 Not Found from POST http://localhost:9081/tg-chat/882850654
2025-04-21 14:12:16.878 [LinkHawkBot Telegram Executor]  - Ошибка проверки регистрации чата 882850654: 404 NOT_FOUND
2025-04-21 14:12:16.882 [LinkHawkBot Telegram Executor]  - ERROR / Ошибка в методе registerChat 404 Not Found from POST http://localhost:9081/tg-chat/882850654
2025-04-21 14:21:50.458 [main]  - Starting TelegramChatBotApplication using Java 17.0.14 with PID 9716 (C:\Users\Морозов Иван\IdeaProjects\projectBotApi\telegram-bot\target\classes started by Морозов Иван in C:\Users\Морозов Иван\IdeaProjects\projectBotApi)
2025-04-21 14:21:50.459 [main]  - Running with Spring Boot v3.2.5, Spring v6.1.6
2025-04-21 14:21:50.460 [main]  - No active profile set, falling back to 1 default profile: "default"
2025-04-21 14:21:51.349 [main]  - Initializing ProtocolHandler ["http-nio-8080"]
2025-04-21 14:21:51.350 [main]  - Starting service [Tomcat]
2025-04-21 14:21:51.351 [main]  - Starting Servlet engine: [Apache Tomcat/10.1.20]
2025-04-21 14:21:51.394 [main]  - Initializing Spring embedded WebApplicationContext
2025-04-21 14:21:52.556 [main]  - Starting ProtocolHandler ["http-nio-8080"]
2025-04-21 14:21:52.564 [main]  - Exception encountered during context initialization - cancelling refresh attempt: org.springframework.context.ApplicationContextException: Failed to start bean 'webServerStartStop'
2025-04-21 14:21:52.587 [main]  - 

***************************
APPLICATION FAILED TO START
***************************

Description:

Web server failed to start. Port 8080 was already in use.

Action:

Identify and stop the process that's listening on port 8080 or configure this application to listen on another port.

2025-04-21 14:22:23.027 [main]  - Starting TelegramChatBotApplication using Java 17.0.14 with PID 7172 (C:\Users\Морозов Иван\IdeaProjects\projectBotApi\telegram-bot\target\classes started by Морозов Иван in C:\Users\Морозов Иван\IdeaProjects\projectBotApi)
2025-04-21 14:22:23.029 [main]  - Running with Spring Boot v3.2.5, Spring v6.1.6
2025-04-21 14:22:23.030 [main]  - No active profile set, falling back to 1 default profile: "default"
2025-04-21 14:22:23.684 [main]  - Initializing ProtocolHandler ["http-nio-8080"]
2025-04-21 14:22:23.685 [main]  - Starting service [Tomcat]
2025-04-21 14:22:23.685 [main]  - Starting Servlet engine: [Apache Tomcat/10.1.20]
2025-04-21 14:22:23.723 [main]  - Initializing Spring embedded WebApplicationContext
2025-04-21 14:22:24.575 [main]  - Starting ProtocolHandler ["http-nio-8080"]
2025-04-21 14:22:24.653 [main]  - Started TelegramChatBotApplication in 2.04 seconds (process running for 2.897)
2025-04-21 14:22:35.274 [LinkHawkBot Telegram Executor]  - Ошибка проверки регистрации чата 882850654: 404 NOT_FOUND
2025-04-21 14:22:35.281 [LinkHawkBot Telegram Executor]  - ERROR / Ошибка в методе registerChat 404 Not Found from POST http://localhost:9081/tg-chat/882850654
2025-04-21 15:01:32.623 [main]  - Starting TelegramChatBotApplication using Java 17.0.14 with PID 7188 (C:\Users\Морозов Иван\IdeaProjects\projectBotApi\telegram-bot\target\classes started by Морозов Иван in C:\Users\Морозов Иван\IdeaProjects\projectBotApi)
2025-04-21 15:01:32.625 [main]  - Running with Spring Boot v3.2.5, Spring v6.1.6
2025-04-21 15:01:32.626 [main]  - No active profile set, falling back to 1 default profile: "default"
2025-04-21 15:01:33.346 [main]  - Initializing ProtocolHandler ["http-nio-8080"]
2025-04-21 15:01:33.348 [main]  - Starting service [Tomcat]
2025-04-21 15:01:33.348 [main]  - Starting Servlet engine: [Apache Tomcat/10.1.20]
2025-04-21 15:01:33.389 [main]  - Initializing Spring embedded WebApplicationContext
2025-04-21 15:01:34.419 [main]  - Starting ProtocolHandler ["http-nio-8080"]
2025-04-21 15:01:34.490 [main]  - Started TelegramChatBotApplication in 2.289 seconds (process running for 3.08)
2025-04-21 15:01:44.923 [LinkHawkBot Telegram Executor]  - Ошибка проверки регистрации чата 882850654: 404 NOT_FOUND
2025-04-21 15:01:44.930 [LinkHawkBot Telegram Executor]  - ERROR / Ошибка в методе registerChat 404 Not Found from POST http://localhost:9081/tg-chat/882850654
2025-04-21 15:21:14.318 [main]  - Starting TelegramChatBotApplication using Java 17.0.14 with PID 9964 (C:\Users\Морозов Иван\IdeaProjects\projectBotApi\telegram-bot\target\classes started by Морозов Иван in C:\Users\Морозов Иван\IdeaProjects\projectBotApi)
2025-04-21 15:21:14.322 [main]  - Running with Spring Boot v3.2.5, Spring v6.1.6
2025-04-21 15:21:14.323 [main]  - No active profile set, falling back to 1 default profile: "default"
2025-04-21 15:21:14.997 [main]  - Initializing ProtocolHandler ["http-nio-8080"]
2025-04-21 15:21:14.998 [main]  - Starting service [Tomcat]
2025-04-21 15:21:14.998 [main]  - Starting Servlet engine: [Apache Tomcat/10.1.20]
2025-04-21 15:21:15.037 [main]  - Initializing Spring embedded WebApplicationContext
2025-04-21 15:21:15.878 [main]  - Starting ProtocolHandler ["http-nio-8080"]
2025-04-21 15:21:15.951 [main]  - Started TelegramChatBotApplication in 2.011 seconds (process running for 2.76)
2025-04-21 15:21:36.601 [LinkHawkBot Telegram Executor]  - Ошибка проверки регистрации чата 882850654: 404 NOT_FOUND
2025-04-21 15:21:36.611 [LinkHawkBot Telegram Executor]  - ERROR / Ошибка в методе registerChat 400 Bad Request from POST http://localhost:9081/tg-chat/register
2025-04-21 15:35:53.489 [main]  - Starting TelegramChatBotApplication using Java 17.0.14 with PID 9812 (C:\Users\Морозов Иван\IdeaProjects\projectBotApi\telegram-bot\target\classes started by Морозов Иван in C:\Users\Морозов Иван\IdeaProjects\projectBotApi)
2025-04-21 15:35:53.491 [main]  - Running with Spring Boot v3.2.5, Spring v6.1.6
2025-04-21 15:35:53.492 [main]  - No active profile set, falling back to 1 default profile: "default"
2025-04-21 15:35:54.143 [main]  - Initializing ProtocolHandler ["http-nio-8080"]
2025-04-21 15:35:54.145 [main]  - Starting service [Tomcat]
2025-04-21 15:35:54.145 [main]  - Starting Servlet engine: [Apache Tomcat/10.1.20]
2025-04-21 15:35:54.189 [main]  - Initializing Spring embedded WebApplicationContext
2025-04-21 15:35:55.075 [main]  - Starting ProtocolHandler ["http-nio-8080"]
2025-04-21 15:35:55.148 [main]  - Started TelegramChatBotApplication in 2.029 seconds (process running for 2.79)
2025-04-21 15:36:02.065 [LinkHawkBot Telegram Executor]  - Ошибка проверки регистрации чата 882850654: 404 NOT_FOUND
2025-04-21 15:36:02.071 [LinkHawkBot Telegram Executor]  - Ошибка при регистрации чата 882850654: 404 Not Found from POST http://localhost:9081
2025-04-21 15:37:23.438 [main]  - Starting TelegramChatBotApplication using Java 17.0.14 with PID 7848 (C:\Users\Морозов Иван\IdeaProjects\projectBotApi\telegram-bot\target\classes started by Морозов Иван in C:\Users\Морозов Иван\IdeaProjects\projectBotApi)
2025-04-21 15:37:23.441 [main]  - Running with Spring Boot v3.2.5, Spring v6.1.6
2025-04-21 15:37:23.442 [main]  - No active profile set, falling back to 1 default profile: "default"
2025-04-21 15:37:24.103 [main]  - Initializing ProtocolHandler ["http-nio-8080"]
2025-04-21 15:37:24.106 [main]  - Starting service [Tomcat]
2025-04-21 15:37:24.106 [main]  - Starting Servlet engine: [Apache Tomcat/10.1.20]
2025-04-21 15:37:24.146 [main]  - Initializing Spring embedded WebApplicationContext
2025-04-21 15:37:24.999 [main]  - Starting ProtocolHandler ["http-nio-8080"]
2025-04-21 15:37:25.072 [main]  - Started TelegramChatBotApplication in 1.986 seconds (process running for 2.762)
2025-04-21 15:37:28.886 [LinkHawkBot Telegram Executor]  - Ошибка проверки регистрации чата 882850654: 404 NOT_FOUND
2025-04-21 15:37:28.895 [LinkHawkBot Telegram Executor]  - Ошибка при регистрации чата 882850654: 400 Bad Request from POST http://localhost:9081/tg-chat/register
2025-04-21 16:13:47.725 [main]  - Starting TelegramChatBotApplication using Java 17.0.14 with PID 8724 (C:\Users\Морозов Иван\IdeaProjects\projectBotApi\telegram-bot\target\classes started by Морозов Иван in C:\Users\Морозов Иван\IdeaProjects\projectBotApi)
2025-04-21 16:13:47.726 [main]  - Running with Spring Boot v3.2.5, Spring v6.1.6
2025-04-21 16:13:47.727 [main]  - No active profile set, falling back to 1 default profile: "default"
2025-04-21 16:13:48.597 [main]  - Initializing ProtocolHandler ["http-nio-9081"]
2025-04-21 16:13:48.598 [main]  - Starting service [Tomcat]
2025-04-21 16:13:48.598 [main]  - Starting Servlet engine: [Apache Tomcat/10.1.20]
2025-04-21 16:13:48.649 [main]  - Initializing Spring embedded WebApplicationContext
2025-04-21 16:13:49.653 [main]  - Starting ProtocolHandler ["http-nio-9081"]
2025-04-21 16:13:49.662 [main]  - Exception encountered during context initialization - cancelling refresh attempt: org.springframework.context.ApplicationContextException: Failed to start bean 'webServerStartStop'
2025-04-21 16:13:49.687 [main]  - 

***************************
APPLICATION FAILED TO START
***************************

Description:

Web server failed to start. Port 9081 was already in use.

Action:

Identify and stop the process that's listening on port 9081 or configure this application to listen on another port.

2025-04-21 16:14:01.405 [main]  - Starting TelegramChatBotApplication using Java 17.0.14 with PID 9960 (C:\Users\Морозов Иван\IdeaProjects\projectBotApi\telegram-bot\target\classes started by Морозов Иван in C:\Users\Морозов Иван\IdeaProjects\projectBotApi)
2025-04-21 16:14:01.406 [main]  - Running with Spring Boot v3.2.5, Spring v6.1.6
2025-04-21 16:14:01.406 [main]  - No active profile set, falling back to 1 default profile: "default"
2025-04-21 16:14:02.133 [main]  - Initializing ProtocolHandler ["http-nio-9081"]
2025-04-21 16:14:02.135 [main]  - Starting service [Tomcat]
2025-04-21 16:14:02.135 [main]  - Starting Servlet engine: [Apache Tomcat/10.1.20]
2025-04-21 16:14:02.184 [main]  - Initializing Spring embedded WebApplicationContext
2025-04-21 16:14:03.034 [main]  - Starting ProtocolHandler ["http-nio-9081"]
2025-04-21 16:14:03.105 [main]  - Started TelegramChatBotApplication in 2.065 seconds (process running for 2.813)
2025-04-21 16:14:36.631 [main]  - Starting TelegramChatBotApplication using Java 17.0.14 with PID 4176 (C:\Users\Морозов Иван\IdeaProjects\projectBotApi\telegram-bot\target\classes started by Морозов Иван in C:\Users\Морозов Иван\IdeaProjects\projectBotApi)
2025-04-21 16:14:36.632 [main]  - Running with Spring Boot v3.2.5, Spring v6.1.6
2025-04-21 16:14:36.633 [main]  - No active profile set, falling back to 1 default profile: "default"
2025-04-21 16:14:37.349 [main]  - Initializing ProtocolHandler ["http-nio-9081"]
2025-04-21 16:14:37.350 [main]  - Starting service [Tomcat]
2025-04-21 16:14:37.350 [main]  - Starting Servlet engine: [Apache Tomcat/10.1.20]
2025-04-21 16:14:37.398 [main]  - Initializing Spring embedded WebApplicationContext
2025-04-21 16:14:38.255 [main]  - Starting ProtocolHandler ["http-nio-9081"]
2025-04-21 16:14:38.264 [main]  - Exception encountered during context initialization - cancelling refresh attempt: org.springframework.context.ApplicationContextException: Failed to start bean 'webServerStartStop'
2025-04-21 16:14:38.286 [main]  - 

***************************
APPLICATION FAILED TO START
***************************

Description:

Web server failed to start. Port 9081 was already in use.

Action:

Identify and stop the process that's listening on port 9081 or configure this application to listen on another port.

2025-04-21 16:15:37.922 [main]  - Starting TelegramChatBotApplication using Java 17.0.14 with PID 7880 (C:\Users\Морозов Иван\IdeaProjects\projectBotApi\telegram-bot\target\classes started by Морозов Иван in C:\Users\Морозов Иван\IdeaProjects\projectBotApi)
2025-04-21 16:15:37.923 [main]  - Running with Spring Boot v3.2.5, Spring v6.1.6
2025-04-21 16:15:37.924 [main]  - No active profile set, falling back to 1 default profile: "default"
2025-04-21 16:15:38.671 [main]  - Initializing ProtocolHandler ["http-nio-9081"]
2025-04-21 16:15:38.673 [main]  - Starting service [Tomcat]
2025-04-21 16:15:38.673 [main]  - Starting Servlet engine: [Apache Tomcat/10.1.20]
2025-04-21 16:15:38.715 [main]  - Initializing Spring embedded WebApplicationContext
2025-04-21 16:15:39.631 [main]  - Starting ProtocolHandler ["http-nio-9081"]
2025-04-21 16:15:39.640 [main]  - Exception encountered during context initialization - cancelling refresh attempt: org.springframework.context.ApplicationContextException: Failed to start bean 'webServerStartStop'
2025-04-21 16:15:39.662 [main]  - 

***************************
APPLICATION FAILED TO START
***************************

Description:

Web server failed to start. Port 9081 was already in use.

Action:

Identify and stop the process that's listening on port 9081 or configure this application to listen on another port.

2025-04-21 16:16:20.081 [main]  - Starting TelegramChatBotApplication using Java 17.0.14 with PID 9320 (C:\Users\Морозов Иван\IdeaProjects\projectBotApi\telegram-bot\target\classes started by Морозов Иван in C:\Users\Морозов Иван\IdeaProjects\projectBotApi)
2025-04-21 16:16:20.082 [main]  - Running with Spring Boot v3.2.5, Spring v6.1.6
2025-04-21 16:16:20.083 [main]  - No active profile set, falling back to 1 default profile: "default"
2025-04-21 16:16:20.974 [main]  - Initializing ProtocolHandler ["http-nio-9081"]
2025-04-21 16:16:20.975 [main]  - Starting service [Tomcat]
2025-04-21 16:16:20.975 [main]  - Starting Servlet engine: [Apache Tomcat/10.1.20]
2025-04-21 16:16:21.018 [main]  - Initializing Spring embedded WebApplicationContext
2025-04-21 16:16:21.980 [main]  - Starting ProtocolHandler ["http-nio-9081"]
2025-04-21 16:16:22.059 [main]  - Started TelegramChatBotApplication in 2.353 seconds (process running for 3.267)
2025-04-21 16:21:20.826 [http-nio-9081-exec-1]  - Initializing Spring DispatcherServlet 'dispatcherServlet'
2025-04-21 16:21:20.900 [LinkHawkBot Telegram Executor]  - Ошибка проверки регистрации чата 882850654: 404 NOT_FOUND
2025-04-21 16:21:21.413 [reactor-http-nio-2]  - Ошибка регистрации чата 882850654: Retries exhausted: 3/3
2025-04-21 16:21:21.484 [LinkHawkBot Telegram Executor]  - Зарегистрировали пользователя Иван - |id| - 882850654
