2025-05-15 10:25:44.081 [main]  - Starting TelegramChatBotApplication using Java 17.0.14 with PID 2120 (C:\Users\Морозов Иван\IdeaProjects\projectBotApi\telegram-bot\target\classes started by Морозов Иван in C:\Users\Морозов Иван\IdeaProjects\projectBotApi)
2025-05-15 10:25:44.085 [main]  - Running with Spring Boot v3.2.5, Spring v6.1.6
2025-05-15 10:25:44.086 [main]  - No active profile set, falling back to 1 default profile: "default"
2025-05-15 10:25:44.859 [main]  - Initializing ProtocolHandler ["http-nio-8080"]
2025-05-15 10:25:44.860 [main]  - Starting service [Tomcat]
2025-05-15 10:25:44.860 [main]  - Starting Servlet engine: [Apache Tomcat/10.1.20]
2025-05-15 10:25:44.902 [main]  - Initializing Spring embedded WebApplicationContext
2025-05-15 10:25:45.651 [main]  - Ошибка обработки команды: Error executing org.telegram.telegrambots.meta.api.methods.commands.SetMyCommands query: [400] Bad Request: BOT_COMMAND_INVALID
2025-05-15 10:25:45.961 [main]  - Starting ProtocolHandler ["http-nio-8080"]
2025-05-15 10:25:45.984 [scheduling-1]  - === Начало проверки обновлений ===
2025-05-15 10:25:46.042 [main]  - Started TelegramChatBotApplication in 2.369 seconds (process running for 3.428)
2025-05-15 10:25:46.411 [reactor-http-nio-2]  - Получены чаты для проверки: []
2025-05-15 10:25:46.412 [boundedElastic-7]  - === Проверка обновлений завершена ===
2025-05-15 10:25:46.412 [boundedElastic-2]  - === Проверка обновлений завершена ===
2025-05-15 10:25:46.412 [boundedElastic-8]  - === Проверка обновлений завершена ===
2025-05-15 10:25:46.412 [boundedElastic-6]  - === Проверка обновлений завершена ===
2025-05-15 10:25:46.412 [boundedElastic-5]  - === Проверка обновлений завершена ===
2025-05-15 10:25:46.412 [boundedElastic-4]  - === Проверка обновлений завершена ===
2025-05-15 10:25:46.412 [boundedElastic-1]  - === Проверка обновлений завершена ===
2025-05-15 10:25:46.412 [boundedElastic-3]  - === Проверка обновлений завершена ===
2025-05-15 10:26:46.206 [scheduling-1]  - === Начало проверки обновлений ===
2025-05-15 10:26:46.210 [reactor-http-nio-2]  - Получены чаты для проверки: []
2025-05-15 10:26:46.210 [boundedElastic-3]  - === Проверка обновлений завершена ===
2025-05-15 10:26:46.210 [boundedElastic-6]  - === Проверка обновлений завершена ===
2025-05-15 10:26:46.210 [boundedElastic-8]  - === Проверка обновлений завершена ===
2025-05-15 10:26:46.210 [boundedElastic-1]  - === Проверка обновлений завершена ===
2025-05-15 10:26:46.210 [boundedElastic-7]  - === Проверка обновлений завершена ===
2025-05-15 10:26:46.210 [boundedElastic-4]  - === Проверка обновлений завершена ===
2025-05-15 10:26:46.210 [boundedElastic-2]  - === Проверка обновлений завершена ===
2025-05-15 10:26:46.210 [boundedElastic-5]  - === Проверка обновлений завершена ===
2025-05-15 10:27:46.211 [scheduling-1]  - === Начало проверки обновлений ===
2025-05-15 10:27:46.216 [reactor-http-nio-2]  - Получены чаты для проверки: [882850654]
2025-05-15 10:27:46.218 [boundedElastic-6]  - === Проверка обновлений завершена ===
2025-05-15 10:27:46.218 [boundedElastic-8]  - === Проверка обновлений завершена ===
2025-05-15 10:27:46.218 [boundedElastic-2]  - === Проверка обновлений завершена ===
2025-05-15 10:27:46.218 [boundedElastic-4]  - === Проверка обновлений завершена ===
2025-05-15 10:27:46.218 [boundedElastic-1]  - === Проверка обновлений завершена ===
2025-05-15 10:27:46.218 [boundedElastic-7]  - === Проверка обновлений завершена ===
2025-05-15 10:27:46.218 [boundedElastic-3]  - === Проверка обновлений завершена ===
2025-05-15 10:27:46.225 [reactor-http-nio-2]  - === Проверка обновлений завершена ===
2025-05-15 10:28:46.222 [scheduling-1]  - === Начало проверки обновлений ===
2025-05-15 10:28:46.225 [reactor-http-nio-2]  - Получены чаты для проверки: [882850654]
2025-05-15 10:28:46.225 [boundedElastic-1]  - === Проверка обновлений завершена ===
2025-05-15 10:28:46.225 [boundedElastic-7]  - === Проверка обновлений завершена ===
2025-05-15 10:28:46.225 [boundedElastic-6]  - === Проверка обновлений завершена ===
2025-05-15 10:28:46.225 [boundedElastic-4]  - === Проверка обновлений завершена ===
2025-05-15 10:28:46.225 [boundedElastic-8]  - === Проверка обновлений завершена ===
2025-05-15 10:28:46.225 [boundedElastic-3]  - === Проверка обновлений завершена ===
2025-05-15 10:28:46.225 [boundedElastic-2]  - === Проверка обновлений завершена ===
2025-05-15 10:28:46.225 [reactor-http-nio-2]  - === Проверка обновлений завершена ===
2025-05-15 10:29:46.231 [scheduling-1]  - === Начало проверки обновлений ===
2025-05-15 10:29:46.235 [reactor-http-nio-2]  - Получены чаты для проверки: [882850654]
2025-05-15 10:29:46.235 [boundedElastic-2]  - === Проверка обновлений завершена ===
2025-05-15 10:29:46.235 [boundedElastic-3]  - === Проверка обновлений завершена ===
2025-05-15 10:29:46.235 [boundedElastic-4]  - === Проверка обновлений завершена ===
2025-05-15 10:29:46.235 [boundedElastic-8]  - === Проверка обновлений завершена ===
2025-05-15 10:29:46.235 [boundedElastic-6]  - === Проверка обновлений завершена ===
2025-05-15 10:29:46.235 [boundedElastic-7]  - === Проверка обновлений завершена ===
2025-05-15 10:29:46.235 [boundedElastic-1]  - === Проверка обновлений завершена ===
2025-05-15 10:29:46.239 [reactor-http-nio-2]  - === Проверка обновлений завершена ===
2025-05-15 10:30:46.241 [scheduling-1]  - === Начало проверки обновлений ===
2025-05-15 10:30:46.246 [reactor-http-nio-2]  - Получены чаты для проверки: [882850654]
2025-05-15 10:30:46.246 [boundedElastic-1]  - === Проверка обновлений завершена ===
2025-05-15 10:30:46.246 [boundedElastic-4]  - === Проверка обновлений завершена ===
2025-05-15 10:30:46.246 [boundedElastic-3]  - === Проверка обновлений завершена ===
2025-05-15 10:30:46.246 [boundedElastic-6]  - === Проверка обновлений завершена ===
2025-05-15 10:30:46.246 [boundedElastic-7]  - === Проверка обновлений завершена ===
2025-05-15 10:30:46.246 [boundedElastic-2]  - === Проверка обновлений завершена ===
2025-05-15 10:30:46.246 [boundedElastic-8]  - === Проверка обновлений завершена ===
2025-05-15 10:30:46.250 [reactor-http-nio-2]  - === Проверка обновлений завершена ===
2025-05-15 10:31:46.248 [scheduling-1]  - === Начало проверки обновлений ===
2025-05-15 10:31:46.252 [reactor-http-nio-2]  - Получены чаты для проверки: [882850654]
2025-05-15 10:31:46.252 [boundedElastic-8]  - === Проверка обновлений завершена ===
2025-05-15 10:31:46.252 [boundedElastic-3]  - === Проверка обновлений завершена ===
2025-05-15 10:31:46.252 [boundedElastic-7]  - === Проверка обновлений завершена ===
2025-05-15 10:31:46.252 [boundedElastic-4]  - === Проверка обновлений завершена ===
2025-05-15 10:31:46.252 [boundedElastic-2]  - === Проверка обновлений завершена ===
2025-05-15 10:31:46.252 [boundedElastic-6]  - === Проверка обновлений завершена ===
2025-05-15 10:31:46.252 [boundedElastic-1]  - === Проверка обновлений завершена ===
2025-05-15 10:31:46.256 [reactor-http-nio-2]  - === Проверка обновлений завершена ===
2025-05-15 10:32:46.263 [scheduling-1]  - === Начало проверки обновлений ===
2025-05-15 10:32:46.266 [reactor-http-nio-2]  - Получены чаты для проверки: [882850654]
2025-05-15 10:32:46.266 [boundedElastic-1]  - === Проверка обновлений завершена ===
2025-05-15 10:32:46.266 [boundedElastic-4]  - === Проверка обновлений завершена ===
2025-05-15 10:32:46.266 [boundedElastic-8]  - === Проверка обновлений завершена ===
2025-05-15 10:32:46.266 [boundedElastic-6]  - === Проверка обновлений завершена ===
2025-05-15 10:32:46.266 [boundedElastic-3]  - === Проверка обновлений завершена ===
2025-05-15 10:32:46.266 [boundedElastic-2]  - === Проверка обновлений завершена ===
2025-05-15 10:32:46.266 [boundedElastic-7]  - === Проверка обновлений завершена ===
2025-05-15 10:32:46.270 [reactor-http-nio-2]  - === Проверка обновлений завершена ===
2025-05-15 10:33:46.273 [scheduling-1]  - === Начало проверки обновлений ===
2025-05-15 10:33:46.277 [reactor-http-nio-2]  - Получены чаты для проверки: [882850654]
2025-05-15 10:33:46.277 [boundedElastic-3]  - === Проверка обновлений завершена ===
2025-05-15 10:33:46.277 [boundedElastic-7]  - === Проверка обновлений завершена ===
2025-05-15 10:33:46.277 [boundedElastic-4]  - === Проверка обновлений завершена ===
2025-05-15 10:33:46.277 [boundedElastic-2]  - === Проверка обновлений завершена ===
2025-05-15 10:33:46.277 [boundedElastic-6]  - === Проверка обновлений завершена ===
2025-05-15 10:33:46.277 [boundedElastic-8]  - === Проверка обновлений завершена ===
2025-05-15 10:33:46.277 [boundedElastic-1]  - === Проверка обновлений завершена ===
2025-05-15 10:33:46.282 [reactor-http-nio-2]  - === Проверка обновлений завершена ===
2025-05-15 10:34:00.957 [main]  - Starting TelegramChatBotApplication using Java 17.0.14 with PID 1664 (C:\Users\Морозов Иван\IdeaProjects\projectBotApi\telegram-bot\target\classes started by Морозов Иван in C:\Users\Морозов Иван\IdeaProjects\projectBotApi)
2025-05-15 10:34:00.963 [main]  - Running with Spring Boot v3.2.5, Spring v6.1.6
2025-05-15 10:34:00.963 [main]  - No active profile set, falling back to 1 default profile: "default"
2025-05-15 10:34:01.791 [main]  - Initializing ProtocolHandler ["http-nio-8080"]
2025-05-15 10:34:01.791 [main]  - Starting service [Tomcat]
2025-05-15 10:34:01.791 [main]  - Starting Servlet engine: [Apache Tomcat/10.1.20]
2025-05-15 10:34:01.839 [main]  - Initializing Spring embedded WebApplicationContext
2025-05-15 10:34:02.187 [main]  - Регистрируем команды: [BotCommand(command=/start, description=Начните работу с ботом), BotCommand(command=/track, description=Подписаться на новости по ссылке), BotCommand(command=/untrack, description=Отписаться от новостей), BotCommand(command=/tStock, description=Подписаться на акцию), BotCommand(command=/utStock, description=Отписаться от акции), BotCommand(command=/ListLinks, description=Отслеживаемые ссылки), BotCommand(command=/ListStock, description=Отслеживаемые акции), BotCommand(command=/help, description=Помощь)]
2025-05-15 10:34:02.491 [main]  - Ошибка регистрации команд: Error executing org.telegram.telegrambots.meta.api.methods.commands.SetMyCommands query: [400] Bad Request: BOT_COMMAND_INVALID
org.telegram.telegrambots.meta.exceptions.TelegramApiRequestException: Error executing org.telegram.telegrambots.meta.api.methods.commands.SetMyCommands query: [400] Bad Request: BOT_COMMAND_INVALID
	at org.telegram.telegrambots.meta.api.methods.PartialBotApiMethod.deserializeResponseInternal(PartialBotApiMethod.java:54)
	at org.telegram.telegrambots.meta.api.methods.PartialBotApiMethod.deserializeResponse(PartialBotApiMethod.java:34)
	at org.telegram.telegrambots.meta.api.methods.botapimethods.BotApiMethodBoolean.deserializeResponse(BotApiMethodBoolean.java:19)
	at org.telegram.telegrambots.meta.api.methods.botapimethods.BotApiMethodBoolean.deserializeResponse(BotApiMethodBoolean.java:14)
	at org.telegram.telegrambots.bots.DefaultAbsSender.sendApiMethod(DefaultAbsSender.java:1182)
	at org.telegram.telegrambots.meta.bots.AbsSender.execute(AbsSender.java:61)
	at me.ivanmorozov.telegrambot.service.TelegramBotService.<init>(TelegramBotService.java:69)
	at java.base/jdk.internal.reflect.NativeConstructorAccessorImpl.newInstance0(Native Method)
	at java.base/jdk.internal.reflect.NativeConstructorAccessorImpl.newInstance(NativeConstructorAccessorImpl.java:77)
	at java.base/jdk.internal.reflect.DelegatingConstructorAccessorImpl.newInstance(DelegatingConstructorAccessorImpl.java:45)
	at java.base/java.lang.reflect.Constructor.newInstanceWithCaller(Constructor.java:500)
	at java.base/java.lang.reflect.Constructor.newInstance(Constructor.java:481)
	at org.springframework.beans.BeanUtils.instantiateClass(BeanUtils.java:208)
	at org.springframework.beans.factory.support.SimpleInstantiationStrategy.instantiate(SimpleInstantiationStrategy.java:111)
	at org.springframework.beans.factory.support.ConstructorResolver.instantiate(ConstructorResolver.java:315)
	at org.springframework.beans.factory.support.ConstructorResolver.autowireConstructor(ConstructorResolver.java:306)
	at org.springframework.beans.factory.support.AbstractAutowireCapableBeanFactory.autowireConstructor(AbstractAutowireCapableBeanFactory.java:1355)
	at org.springframework.beans.factory.support.AbstractAutowireCapableBeanFactory.createBeanInstance(AbstractAutowireCapableBeanFactory.java:1192)
	at org.springframework.beans.factory.support.AbstractAutowireCapableBeanFactory.doCreateBean(AbstractAutowireCapableBeanFactory.java:562)
	at org.springframework.beans.factory.support.AbstractAutowireCapableBeanFactory.createBean(AbstractAutowireCapableBeanFactory.java:522)
	at org.springframework.beans.factory.support.AbstractBeanFactory.lambda$doGetBean$0(AbstractBeanFactory.java:326)
	at org.springframework.beans.factory.support.DefaultSingletonBeanRegistry.getSingleton(DefaultSingletonBeanRegistry.java:234)
	at org.springframework.beans.factory.support.AbstractBeanFactory.doGetBean(AbstractBeanFactory.java:324)
	at org.springframework.beans.factory.support.AbstractBeanFactory.getBean(AbstractBeanFactory.java:200)
	at org.springframework.beans.factory.config.DependencyDescriptor.resolveCandidate(DependencyDescriptor.java:254)
	at org.springframework.beans.factory.support.DefaultListableBeanFactory.doResolveDependency(DefaultListableBeanFactory.java:1443)
	at org.springframework.beans.factory.support.DefaultListableBeanFactory.resolveDependency(DefaultListableBeanFactory.java:1353)
	at org.springframework.beans.factory.support.ConstructorResolver.resolveAutowiredArgument(ConstructorResolver.java:904)
	at org.springframework.beans.factory.support.ConstructorResolver.createArgumentArray(ConstructorResolver.java:782)
	at org.springframework.beans.factory.support.ConstructorResolver.autowireConstructor(ConstructorResolver.java:237)
	at org.springframework.beans.factory.support.AbstractAutowireCapableBeanFactory.autowireConstructor(AbstractAutowireCapableBeanFactory.java:1355)
	at org.springframework.beans.factory.support.AbstractAutowireCapableBeanFactory.createBeanInstance(AbstractAutowireCapableBeanFactory.java:1192)
	at org.springframework.beans.factory.support.AbstractAutowireCapableBeanFactory.doCreateBean(AbstractAutowireCapableBeanFactory.java:562)
	at org.springframework.beans.factory.support.AbstractAutowireCapableBeanFactory.createBean(AbstractAutowireCapableBeanFactory.java:522)
	at org.springframework.beans.factory.support.AbstractBeanFactory.lambda$doGetBean$0(AbstractBeanFactory.java:326)
	at org.springframework.beans.factory.support.DefaultSingletonBeanRegistry.getSingleton(DefaultSingletonBeanRegistry.java:234)
	at org.springframework.beans.factory.support.AbstractBeanFactory.doGetBean(AbstractBeanFactory.java:324)
	at org.springframework.beans.factory.support.AbstractBeanFactory.getBean(AbstractBeanFactory.java:200)
	at org.springframework.beans.factory.support.DefaultListableBeanFactory.preInstantiateSingletons(DefaultListableBeanFactory.java:975)
	at org.springframework.context.support.AbstractApplicationContext.finishBeanFactoryInitialization(AbstractApplicationContext.java:962)
	at org.springframework.context.support.AbstractApplicationContext.refresh(AbstractApplicationContext.java:624)
	at org.springframework.boot.web.servlet.context.ServletWebServerApplicationContext.refresh(ServletWebServerApplicationContext.java:146)
	at org.springframework.boot.SpringApplication.refresh(SpringApplication.java:754)
	at org.springframework.boot.SpringApplication.refreshContext(SpringApplication.java:456)
	at org.springframework.boot.SpringApplication.run(SpringApplication.java:334)
	at org.springframework.boot.SpringApplication.run(SpringApplication.java:1354)
	at org.springframework.boot.SpringApplication.run(SpringApplication.java:1343)
	at me.ivanmorozov.telegrambot.TelegramChatBotApplication.main(TelegramChatBotApplication.java:11)
2025-05-15 10:34:02.968 [main]  - Starting ProtocolHandler ["http-nio-8080"]
2025-05-15 10:34:03.000 [scheduling-1]  - === Начало проверки обновлений ===
2025-05-15 10:34:03.065 [main]  - Started TelegramChatBotApplication in 2.57 seconds (process running for 3.485)
2025-05-15 10:34:03.445 [reactor-http-nio-2]  - Получены чаты для проверки: []
2025-05-15 10:34:03.445 [boundedElastic-4]  - === Проверка обновлений завершена ===
2025-05-15 10:34:03.445 [boundedElastic-3]  - === Проверка обновлений завершена ===
2025-05-15 10:34:03.445 [boundedElastic-1]  - === Проверка обновлений завершена ===
2025-05-15 10:34:03.445 [boundedElastic-5]  - === Проверка обновлений завершена ===
2025-05-15 10:34:03.445 [boundedElastic-7]  - === Проверка обновлений завершена ===
2025-05-15 10:34:03.445 [boundedElastic-6]  - === Проверка обновлений завершена ===
2025-05-15 10:34:03.445 [boundedElastic-2]  - === Проверка обновлений завершена ===
2025-05-15 10:34:03.445 [boundedElastic-8]  - === Проверка обновлений завершена ===
2025-05-15 10:35:03.273 [scheduling-1]  - === Начало проверки обновлений ===
2025-05-15 10:35:03.277 [reactor-http-nio-2]  - Получены чаты для проверки: []
2025-05-15 10:35:03.278 [boundedElastic-2]  - === Проверка обновлений завершена ===
2025-05-15 10:35:03.278 [boundedElastic-8]  - === Проверка обновлений завершена ===
2025-05-15 10:35:03.278 [boundedElastic-4]  - === Проверка обновлений завершена ===
2025-05-15 10:35:03.278 [boundedElastic-5]  - === Проверка обновлений завершена ===
2025-05-15 10:35:03.278 [boundedElastic-6]  - === Проверка обновлений завершена ===
2025-05-15 10:35:03.278 [boundedElastic-7]  - === Проверка обновлений завершена ===
2025-05-15 10:35:03.278 [boundedElastic-1]  - === Проверка обновлений завершена ===
2025-05-15 10:35:03.278 [boundedElastic-3]  - === Проверка обновлений завершена ===
2025-05-15 10:35:58.362 [main]  - Starting TelegramChatBotApplication using Java 17.0.14 with PID 8760 (C:\Users\Морозов Иван\IdeaProjects\projectBotApi\telegram-bot\target\classes started by Морозов Иван in C:\Users\Морозов Иван\IdeaProjects\projectBotApi)
2025-05-15 10:35:58.365 [main]  - Running with Spring Boot v3.2.5, Spring v6.1.6
2025-05-15 10:35:58.366 [main]  - No active profile set, falling back to 1 default profile: "default"
2025-05-15 10:35:59.279 [main]  - Initializing ProtocolHandler ["http-nio-8080"]
2025-05-15 10:35:59.280 [main]  - Starting service [Tomcat]
2025-05-15 10:35:59.281 [main]  - Starting Servlet engine: [Apache Tomcat/10.1.20]
2025-05-15 10:35:59.325 [main]  - Initializing Spring embedded WebApplicationContext
2025-05-15 10:35:59.954 [main]  - Ошибка обработки команды: Error executing org.telegram.telegrambots.meta.api.methods.commands.SetMyCommands query: [400] Bad Request: BOT_COMMAND_INVALID
2025-05-15 10:36:00.234 [main]  - Starting ProtocolHandler ["http-nio-8080"]
2025-05-15 10:36:00.256 [scheduling-1]  - === Начало проверки обновлений ===
2025-05-15 10:36:00.312 [main]  - Started TelegramChatBotApplication in 2.402 seconds (process running for 3.425)
2025-05-15 10:36:00.605 [reactor-http-nio-2]  - Получены чаты для проверки: []
2025-05-15 10:36:00.606 [boundedElastic-1]  - === Проверка обновлений завершена ===
2025-05-15 10:36:00.606 [boundedElastic-4]  - === Проверка обновлений завершена ===
2025-05-15 10:36:00.606 [boundedElastic-5]  - === Проверка обновлений завершена ===
2025-05-15 10:36:00.606 [boundedElastic-3]  - === Проверка обновлений завершена ===
2025-05-15 10:36:00.606 [boundedElastic-8]  - === Проверка обновлений завершена ===
2025-05-15 10:36:00.606 [boundedElastic-2]  - === Проверка обновлений завершена ===
2025-05-15 10:36:00.606 [boundedElastic-7]  - === Проверка обновлений завершена ===
2025-05-15 10:36:00.606 [boundedElastic-6]  - === Проверка обновлений завершена ===
2025-05-15 10:37:00.450 [scheduling-1]  - === Начало проверки обновлений ===
2025-05-15 10:37:00.451 [reactor-http-nio-2]  - Получены чаты для проверки: []
2025-05-15 10:37:00.451 [boundedElastic-7]  - === Проверка обновлений завершена ===
2025-05-15 10:37:00.451 [boundedElastic-3]  - === Проверка обновлений завершена ===
2025-05-15 10:37:00.451 [boundedElastic-4]  - === Проверка обновлений завершена ===
2025-05-15 10:37:00.451 [boundedElastic-6]  - === Проверка обновлений завершена ===
2025-05-15 10:37:00.451 [boundedElastic-2]  - === Проверка обновлений завершена ===
2025-05-15 10:37:00.451 [boundedElastic-8]  - === Проверка обновлений завершена ===
2025-05-15 10:37:00.451 [boundedElastic-5]  - === Проверка обновлений завершена ===
2025-05-15 10:37:00.451 [boundedElastic-1]  - === Проверка обновлений завершена ===
2025-05-15 10:38:00.459 [scheduling-1]  - === Начало проверки обновлений ===
2025-05-15 10:38:00.461 [reactor-http-nio-2]  - Получены чаты для проверки: []
2025-05-15 10:38:00.461 [boundedElastic-4]  - === Проверка обновлений завершена ===
2025-05-15 10:38:00.461 [boundedElastic-8]  - === Проверка обновлений завершена ===
2025-05-15 10:38:00.461 [boundedElastic-1]  - === Проверка обновлений завершена ===
2025-05-15 10:38:00.461 [boundedElastic-5]  - === Проверка обновлений завершена ===
2025-05-15 10:38:00.461 [boundedElastic-3]  - === Проверка обновлений завершена ===
2025-05-15 10:38:00.461 [boundedElastic-7]  - === Проверка обновлений завершена ===
2025-05-15 10:38:00.461 [boundedElastic-2]  - === Проверка обновлений завершена ===
2025-05-15 10:38:00.461 [boundedElastic-6]  - === Проверка обновлений завершена ===
2025-05-15 10:39:00.469 [scheduling-1]  - === Начало проверки обновлений ===
2025-05-15 10:39:00.473 [reactor-http-nio-2]  - Получены чаты для проверки: []
2025-05-15 10:39:00.473 [boundedElastic-2]  - === Проверка обновлений завершена ===
2025-05-15 10:39:00.473 [boundedElastic-5]  - === Проверка обновлений завершена ===
2025-05-15 10:39:00.473 [boundedElastic-1]  - === Проверка обновлений завершена ===
2025-05-15 10:39:00.473 [boundedElastic-6]  - === Проверка обновлений завершена ===
2025-05-15 10:39:00.473 [boundedElastic-7]  - === Проверка обновлений завершена ===
2025-05-15 10:39:00.473 [boundedElastic-3]  - === Проверка обновлений завершена ===
2025-05-15 10:39:00.473 [boundedElastic-8]  - === Проверка обновлений завершена ===
2025-05-15 10:39:00.473 [boundedElastic-4]  - === Проверка обновлений завершена ===
2025-05-15 10:40:00.478 [scheduling-1]  - === Начало проверки обновлений ===
2025-05-15 10:40:00.485 [reactor-http-nio-2]  - Получены чаты для проверки: []
2025-05-15 10:40:00.485 [boundedElastic-8]  - === Проверка обновлений завершена ===
2025-05-15 10:40:00.485 [boundedElastic-1]  - === Проверка обновлений завершена ===
2025-05-15 10:40:00.485 [boundedElastic-5]  - === Проверка обновлений завершена ===
2025-05-15 10:40:00.485 [boundedElastic-4]  - === Проверка обновлений завершена ===
2025-05-15 10:40:00.485 [boundedElastic-3]  - === Проверка обновлений завершена ===
2025-05-15 10:40:00.485 [boundedElastic-7]  - === Проверка обновлений завершена ===
2025-05-15 10:40:00.485 [boundedElastic-6]  - === Проверка обновлений завершена ===
2025-05-15 10:40:00.485 [boundedElastic-2]  - === Проверка обновлений завершена ===
2025-05-15 10:41:00.490 [scheduling-1]  - === Начало проверки обновлений ===
2025-05-15 10:41:00.493 [reactor-http-nio-2]  - Получены чаты для проверки: []
2025-05-15 10:41:00.493 [boundedElastic-2]  - === Проверка обновлений завершена ===
2025-05-15 10:41:00.493 [boundedElastic-8]  - === Проверка обновлений завершена ===
2025-05-15 10:41:00.493 [boundedElastic-6]  - === Проверка обновлений завершена ===
2025-05-15 10:41:00.493 [boundedElastic-7]  - === Проверка обновлений завершена ===
2025-05-15 10:41:00.493 [boundedElastic-3]  - === Проверка обновлений завершена ===
2025-05-15 10:41:00.493 [boundedElastic-4]  - === Проверка обновлений завершена ===
2025-05-15 10:41:00.493 [boundedElastic-5]  - === Проверка обновлений завершена ===
2025-05-15 10:41:00.493 [boundedElastic-1]  - === Проверка обновлений завершена ===
2025-05-15 10:42:00.515 [scheduling-1]  - === Начало проверки обновлений ===
2025-05-15 10:42:00.515 [reactor-http-nio-2]  - Получены чаты для проверки: []
2025-05-15 10:42:00.515 [boundedElastic-8]  - === Проверка обновлений завершена ===
2025-05-15 10:42:00.515 [boundedElastic-6]  - === Проверка обновлений завершена ===
2025-05-15 10:42:00.515 [boundedElastic-1]  - === Проверка обновлений завершена ===
2025-05-15 10:42:00.515 [boundedElastic-2]  - === Проверка обновлений завершена ===
2025-05-15 10:42:00.515 [boundedElastic-5]  - === Проверка обновлений завершена ===
2025-05-15 10:42:00.515 [boundedElastic-4]  - === Проверка обновлений завершена ===
2025-05-15 10:42:00.515 [boundedElastic-7]  - === Проверка обновлений завершена ===
2025-05-15 10:42:00.515 [boundedElastic-3]  - === Проверка обновлений завершена ===
2025-05-15 10:43:07.634 [main]  - Starting TelegramChatBotApplication using Java 17.0.14 with PID 7496 (C:\Users\Морозов Иван\IdeaProjects\projectBotApi\telegram-bot\target\classes started by Морозов Иван in C:\Users\Морозов Иван\IdeaProjects\projectBotApi)
2025-05-15 10:43:07.634 [main]  - Running with Spring Boot v3.2.5, Spring v6.1.6
2025-05-15 10:43:07.636 [main]  - No active profile set, falling back to 1 default profile: "default"
2025-05-15 10:43:08.484 [main]  - Initializing ProtocolHandler ["http-nio-8080"]
2025-05-15 10:43:08.485 [main]  - Starting service [Tomcat]
2025-05-15 10:43:08.485 [main]  - Starting Servlet engine: [Apache Tomcat/10.1.20]
2025-05-15 10:43:08.528 [main]  - Initializing Spring embedded WebApplicationContext
2025-05-15 10:43:09.575 [main]  - Starting ProtocolHandler ["http-nio-8080"]
2025-05-15 10:43:09.597 [scheduling-1]  - === Начало проверки обновлений ===
2025-05-15 10:43:09.653 [main]  - Started TelegramChatBotApplication in 2.501 seconds (process running for 3.722)
2025-05-15 10:43:09.969 [reactor-http-nio-2]  - Получены чаты для проверки: []
2025-05-15 10:43:09.971 [boundedElastic-2]  - === Проверка обновлений завершена ===
2025-05-15 10:43:09.971 [boundedElastic-4]  - === Проверка обновлений завершена ===
2025-05-15 10:43:09.971 [boundedElastic-3]  - === Проверка обновлений завершена ===
2025-05-15 10:43:09.971 [boundedElastic-7]  - === Проверка обновлений завершена ===
2025-05-15 10:43:09.971 [boundedElastic-5]  - === Проверка обновлений завершена ===
2025-05-15 10:43:09.971 [boundedElastic-8]  - === Проверка обновлений завершена ===
2025-05-15 10:43:09.971 [boundedElastic-6]  - === Проверка обновлений завершена ===
2025-05-15 10:43:09.971 [boundedElastic-1]  - === Проверка обновлений завершена ===
2025-05-15 10:44:09.804 [scheduling-1]  - === Начало проверки обновлений ===
2025-05-15 10:44:09.804 [reactor-http-nio-2]  - Получены чаты для проверки: [882850654]
2025-05-15 10:44:09.804 [boundedElastic-6]  - === Проверка обновлений завершена ===
2025-05-15 10:44:09.804 [boundedElastic-2]  - === Проверка обновлений завершена ===
2025-05-15 10:44:09.804 [boundedElastic-8]  - === Проверка обновлений завершена ===
2025-05-15 10:44:09.804 [boundedElastic-4]  - === Проверка обновлений завершена ===
2025-05-15 10:44:09.804 [boundedElastic-5]  - === Проверка обновлений завершена ===
2025-05-15 10:44:09.804 [boundedElastic-3]  - === Проверка обновлений завершена ===
2025-05-15 10:44:09.804 [boundedElastic-7]  - === Проверка обновлений завершена ===
2025-05-15 10:44:09.814 [reactor-http-nio-2]  - === Проверка обновлений завершена ===
2025-05-15 10:45:09.820 [scheduling-1]  - === Начало проверки обновлений ===
2025-05-15 10:45:09.820 [reactor-http-nio-2]  - Получены чаты для проверки: [882850654]
2025-05-15 10:45:09.820 [boundedElastic-7]  - === Проверка обновлений завершена ===
2025-05-15 10:45:09.820 [boundedElastic-4]  - === Проверка обновлений завершена ===
2025-05-15 10:45:09.820 [boundedElastic-8]  - === Проверка обновлений завершена ===
2025-05-15 10:45:09.820 [boundedElastic-2]  - === Проверка обновлений завершена ===
2025-05-15 10:45:09.820 [boundedElastic-3]  - === Проверка обновлений завершена ===
2025-05-15 10:45:09.820 [boundedElastic-6]  - === Проверка обновлений завершена ===
2025-05-15 10:45:09.820 [boundedElastic-5]  - === Проверка обновлений завершена ===
2025-05-15 10:45:09.820 [reactor-http-nio-2]  - === Проверка обновлений завершена ===
2025-05-15 10:46:05.392 [main]  - Starting TelegramChatBotApplication using Java 17.0.14 with PID 9252 (C:\Users\Морозов Иван\IdeaProjects\projectBotApi\telegram-bot\target\classes started by Морозов Иван in C:\Users\Морозов Иван\IdeaProjects\projectBotApi)
2025-05-15 10:46:05.392 [main]  - Running with Spring Boot v3.2.5, Spring v6.1.6
2025-05-15 10:46:05.392 [main]  - No active profile set, falling back to 1 default profile: "default"
2025-05-15 10:46:06.361 [main]  - Initializing ProtocolHandler ["http-nio-8080"]
2025-05-15 10:46:06.373 [main]  - Starting service [Tomcat]
2025-05-15 10:46:06.373 [main]  - Starting Servlet engine: [Apache Tomcat/10.1.20]
2025-05-15 10:46:06.419 [main]  - Initializing Spring embedded WebApplicationContext
2025-05-15 10:46:07.674 [main]  - Starting ProtocolHandler ["http-nio-8080"]
2025-05-15 10:46:07.719 [scheduling-1]  - === Начало проверки обновлений ===
2025-05-15 10:46:07.820 [main]  - Started TelegramChatBotApplication in 2.968 seconds (process running for 4.106)
2025-05-15 10:46:08.679 [reactor-http-nio-2]  - Получены чаты для проверки: []
2025-05-15 10:46:08.679 [boundedElastic-4]  - === Проверка обновлений завершена ===
2025-05-15 10:46:08.679 [boundedElastic-8]  - === Проверка обновлений завершена ===
2025-05-15 10:46:08.679 [boundedElastic-2]  - === Проверка обновлений завершена ===
2025-05-15 10:46:08.679 [boundedElastic-3]  - === Проверка обновлений завершена ===
2025-05-15 10:46:08.679 [boundedElastic-1]  - === Проверка обновлений завершена ===
2025-05-15 10:46:08.679 [boundedElastic-6]  - === Проверка обновлений завершена ===
2025-05-15 10:46:08.679 [boundedElastic-7]  - === Проверка обновлений завершена ===
2025-05-15 10:46:08.679 [boundedElastic-5]  - === Проверка обновлений завершена ===
2025-05-15 10:47:08.282 [scheduling-1]  - === Начало проверки обновлений ===
2025-05-15 10:47:08.282 [reactor-http-nio-2]  - Получены чаты для проверки: []
2025-05-15 10:47:08.282 [boundedElastic-7]  - === Проверка обновлений завершена ===
2025-05-15 10:47:08.282 [boundedElastic-5]  - === Проверка обновлений завершена ===
2025-05-15 10:47:08.282 [boundedElastic-2]  - === Проверка обновлений завершена ===
2025-05-15 10:47:08.282 [boundedElastic-1]  - === Проверка обновлений завершена ===
2025-05-15 10:47:08.282 [boundedElastic-6]  - === Проверка обновлений завершена ===
2025-05-15 10:47:08.282 [boundedElastic-8]  - === Проверка обновлений завершена ===
2025-05-15 10:47:08.282 [boundedElastic-4]  - === Проверка обновлений завершена ===
2025-05-15 10:47:08.282 [boundedElastic-3]  - === Проверка обновлений завершена ===
2025-05-15 10:48:08.296 [scheduling-1]  - === Начало проверки обновлений ===
2025-05-15 10:48:08.296 [reactor-http-nio-2]  - Получены чаты для проверки: [882850654]
2025-05-15 10:48:08.296 [boundedElastic-8]  - === Проверка обновлений завершена ===
2025-05-15 10:48:08.296 [boundedElastic-2]  - === Проверка обновлений завершена ===
2025-05-15 10:48:08.296 [boundedElastic-4]  - === Проверка обновлений завершена ===
2025-05-15 10:48:08.296 [boundedElastic-6]  - === Проверка обновлений завершена ===
2025-05-15 10:48:08.296 [boundedElastic-1]  - === Проверка обновлений завершена ===
2025-05-15 10:48:08.296 [boundedElastic-5]  - === Проверка обновлений завершена ===
2025-05-15 10:48:08.296 [boundedElastic-7]  - === Проверка обновлений завершена ===
2025-05-15 10:48:08.306 [reactor-http-nio-2]  - === Проверка обновлений завершена ===
2025-05-15 10:49:08.308 [scheduling-1]  - === Начало проверки обновлений ===
2025-05-15 10:49:08.313 [reactor-http-nio-2]  - Получены чаты для проверки: [882850654]
2025-05-15 10:49:08.313 [boundedElastic-1]  - === Проверка обновлений завершена ===
2025-05-15 10:49:08.313 [boundedElastic-6]  - === Проверка обновлений завершена ===
2025-05-15 10:49:08.313 [boundedElastic-5]  - === Проверка обновлений завершена ===
2025-05-15 10:49:08.313 [boundedElastic-7]  - === Проверка обновлений завершена ===
2025-05-15 10:49:08.313 [boundedElastic-2]  - === Проверка обновлений завершена ===
2025-05-15 10:49:08.313 [boundedElastic-4]  - === Проверка обновлений завершена ===
2025-05-15 10:49:08.313 [boundedElastic-8]  - === Проверка обновлений завершена ===
2025-05-15 10:49:08.313 [reactor-http-nio-2]  - === Проверка обновлений завершена ===
2025-05-15 10:50:08.319 [scheduling-1]  - === Начало проверки обновлений ===
2025-05-15 10:50:08.319 [reactor-http-nio-2]  - Получены чаты для проверки: [882850654]
2025-05-15 10:50:08.319 [boundedElastic-4]  - === Проверка обновлений завершена ===
2025-05-15 10:50:08.319 [boundedElastic-5]  - === Проверка обновлений завершена ===
2025-05-15 10:50:08.319 [boundedElastic-6]  - === Проверка обновлений завершена ===
2025-05-15 10:50:08.319 [boundedElastic-2]  - === Проверка обновлений завершена ===
2025-05-15 10:50:08.319 [boundedElastic-8]  - === Проверка обновлений завершена ===
2025-05-15 10:50:08.319 [boundedElastic-1]  - === Проверка обновлений завершена ===
2025-05-15 10:50:08.319 [boundedElastic-7]  - === Проверка обновлений завершена ===
2025-05-15 10:50:08.329 [reactor-http-nio-2]  - === Проверка обновлений завершена ===
2025-05-15 10:51:08.337 [scheduling-1]  - === Начало проверки обновлений ===
2025-05-15 10:51:08.337 [reactor-http-nio-2]  - Получены чаты для проверки: [882850654]
2025-05-15 10:51:08.337 [boundedElastic-1]  - === Проверка обновлений завершена ===
2025-05-15 10:51:08.337 [boundedElastic-5]  - === Проверка обновлений завершена ===
2025-05-15 10:51:08.337 [boundedElastic-8]  - === Проверка обновлений завершена ===
2025-05-15 10:51:08.337 [boundedElastic-6]  - === Проверка обновлений завершена ===
2025-05-15 10:51:08.337 [boundedElastic-2]  - === Проверка обновлений завершена ===
2025-05-15 10:51:08.337 [boundedElastic-7]  - === Проверка обновлений завершена ===
2025-05-15 10:51:08.337 [boundedElastic-4]  - === Проверка обновлений завершена ===
2025-05-15 10:51:08.337 [reactor-http-nio-2]  - === Проверка обновлений завершена ===
2025-05-15 10:52:08.352 [scheduling-1]  - === Начало проверки обновлений ===
2025-05-15 10:52:08.357 [reactor-http-nio-2]  - Получены чаты для проверки: [882850654]
2025-05-15 10:52:08.358 [boundedElastic-5]  - === Проверка обновлений завершена ===
2025-05-15 10:52:08.358 [boundedElastic-2]  - === Проверка обновлений завершена ===
2025-05-15 10:52:08.358 [boundedElastic-8]  - === Проверка обновлений завершена ===
2025-05-15 10:52:08.358 [boundedElastic-1]  - === Проверка обновлений завершена ===
2025-05-15 10:52:08.358 [boundedElastic-7]  - === Проверка обновлений завершена ===
2025-05-15 10:52:08.358 [boundedElastic-6]  - === Проверка обновлений завершена ===
2025-05-15 10:52:08.358 [boundedElastic-4]  - === Проверка обновлений завершена ===
2025-05-15 10:52:08.360 [reactor-http-nio-2]  - === Проверка обновлений завершена ===
2025-05-15 10:53:08.362 [scheduling-1]  - === Начало проверки обновлений ===
2025-05-15 10:53:08.370 [reactor-http-nio-2]  - Получены чаты для проверки: [882850654]
2025-05-15 10:53:08.371 [boundedElastic-7]  - === Проверка обновлений завершена ===
2025-05-15 10:53:08.371 [boundedElastic-2]  - === Проверка обновлений завершена ===
2025-05-15 10:53:08.371 [boundedElastic-1]  - === Проверка обновлений завершена ===
2025-05-15 10:53:08.371 [boundedElastic-6]  - === Проверка обновлений завершена ===
2025-05-15 10:53:08.371 [boundedElastic-4]  - === Проверка обновлений завершена ===
2025-05-15 10:53:08.371 [boundedElastic-8]  - === Проверка обновлений завершена ===
2025-05-15 10:53:08.371 [boundedElastic-5]  - === Проверка обновлений завершена ===
2025-05-15 10:53:08.378 [reactor-http-nio-2]  - === Проверка обновлений завершена ===
2025-05-15 10:54:08.372 [scheduling-1]  - === Начало проверки обновлений ===
2025-05-15 10:54:08.377 [reactor-http-nio-2]  - Получены чаты для проверки: [882850654]
2025-05-15 10:54:08.377 [boundedElastic-8]  - === Проверка обновлений завершена ===
2025-05-15 10:54:08.377 [boundedElastic-5]  - === Проверка обновлений завершена ===
2025-05-15 10:54:08.377 [boundedElastic-1]  - === Проверка обновлений завершена ===
2025-05-15 10:54:08.377 [boundedElastic-7]  - === Проверка обновлений завершена ===
2025-05-15 10:54:08.377 [boundedElastic-2]  - === Проверка обновлений завершена ===
2025-05-15 10:54:08.377 [boundedElastic-6]  - === Проверка обновлений завершена ===
2025-05-15 10:54:08.377 [boundedElastic-4]  - === Проверка обновлений завершена ===
2025-05-15 10:54:08.384 [reactor-http-nio-2]  - === Проверка обновлений завершена ===
2025-05-15 10:55:08.381 [scheduling-1]  - === Начало проверки обновлений ===
2025-05-15 10:55:08.387 [reactor-http-nio-2]  - Получены чаты для проверки: [882850654]
2025-05-15 10:55:08.387 [boundedElastic-2]  - === Проверка обновлений завершена ===
2025-05-15 10:55:08.387 [boundedElastic-1]  - === Проверка обновлений завершена ===
2025-05-15 10:55:08.387 [boundedElastic-6]  - === Проверка обновлений завершена ===
2025-05-15 10:55:08.387 [boundedElastic-4]  - === Проверка обновлений завершена ===
2025-05-15 10:55:08.387 [boundedElastic-7]  - === Проверка обновлений завершена ===
2025-05-15 10:55:08.387 [boundedElastic-8]  - === Проверка обновлений завершена ===
2025-05-15 10:55:08.387 [boundedElastic-5]  - === Проверка обновлений завершена ===
2025-05-15 10:55:08.394 [reactor-http-nio-2]  - === Проверка обновлений завершена ===
2025-05-15 10:56:08.391 [scheduling-1]  - === Начало проверки обновлений ===
2025-05-15 10:56:08.396 [reactor-http-nio-2]  - Получены чаты для проверки: [882850654]
2025-05-15 10:56:08.396 [boundedElastic-5]  - === Проверка обновлений завершена ===
2025-05-15 10:56:08.396 [boundedElastic-8]  - === Проверка обновлений завершена ===
2025-05-15 10:56:08.396 [boundedElastic-4]  - === Проверка обновлений завершена ===
2025-05-15 10:56:08.396 [boundedElastic-6]  - === Проверка обновлений завершена ===
2025-05-15 10:56:08.396 [boundedElastic-2]  - === Проверка обновлений завершена ===
2025-05-15 10:56:08.396 [boundedElastic-7]  - === Проверка обновлений завершена ===
2025-05-15 10:56:08.396 [boundedElastic-1]  - === Проверка обновлений завершена ===
2025-05-15 10:56:08.403 [reactor-http-nio-2]  - === Проверка обновлений завершена ===
2025-05-15 10:57:08.401 [scheduling-1]  - === Начало проверки обновлений ===
2025-05-15 10:57:08.403 [reactor-http-nio-2]  - Получены чаты для проверки: [882850654]
2025-05-15 10:57:08.404 [boundedElastic-7]  - === Проверка обновлений завершена ===
2025-05-15 10:57:08.404 [boundedElastic-5]  - === Проверка обновлений завершена ===
2025-05-15 10:57:08.404 [boundedElastic-6]  - === Проверка обновлений завершена ===
2025-05-15 10:57:08.404 [boundedElastic-4]  - === Проверка обновлений завершена ===
2025-05-15 10:57:08.404 [boundedElastic-2]  - === Проверка обновлений завершена ===
2025-05-15 10:57:08.404 [boundedElastic-8]  - === Проверка обновлений завершена ===
2025-05-15 10:57:08.404 [boundedElastic-1]  - === Проверка обновлений завершена ===
2025-05-15 10:57:08.407 [reactor-http-nio-2]  - === Проверка обновлений завершена ===
2025-05-15 10:58:08.408 [scheduling-1]  - === Начало проверки обновлений ===
2025-05-15 10:58:08.408 [reactor-http-nio-2]  - Получены чаты для проверки: [882850654]
2025-05-15 10:58:08.408 [boundedElastic-6]  - === Проверка обновлений завершена ===
2025-05-15 10:58:08.408 [boundedElastic-4]  - === Проверка обновлений завершена ===
2025-05-15 10:58:08.408 [boundedElastic-8]  - === Проверка обновлений завершена ===
2025-05-15 10:58:08.408 [boundedElastic-5]  - === Проверка обновлений завершена ===
2025-05-15 10:58:08.408 [boundedElastic-1]  - === Проверка обновлений завершена ===
2025-05-15 10:58:08.408 [boundedElastic-2]  - === Проверка обновлений завершена ===
2025-05-15 10:58:08.408 [boundedElastic-7]  - === Проверка обновлений завершена ===
2025-05-15 10:58:08.418 [reactor-http-nio-2]  - === Проверка обновлений завершена ===
2025-05-15 10:59:08.421 [scheduling-1]  - === Начало проверки обновлений ===
2025-05-15 10:59:08.429 [reactor-http-nio-2]  - Получены чаты для проверки: [882850654]
2025-05-15 10:59:08.429 [boundedElastic-6]  - === Проверка обновлений завершена ===
2025-05-15 10:59:08.429 [boundedElastic-4]  - === Проверка обновлений завершена ===
2025-05-15 10:59:08.429 [boundedElastic-7]  - === Проверка обновлений завершена ===
2025-05-15 10:59:08.429 [boundedElastic-5]  - === Проверка обновлений завершена ===
2025-05-15 10:59:08.429 [boundedElastic-8]  - === Проверка обновлений завершена ===
2025-05-15 10:59:08.429 [boundedElastic-1]  - === Проверка обновлений завершена ===
2025-05-15 10:59:08.429 [boundedElastic-2]  - === Проверка обновлений завершена ===
2025-05-15 10:59:08.438 [reactor-http-nio-2]  - === Проверка обновлений завершена ===
2025-05-15 11:00:08.431 [scheduling-1]  - === Начало проверки обновлений ===
2025-05-15 11:00:08.437 [reactor-http-nio-2]  - Получены чаты для проверки: [882850654]
2025-05-15 11:00:08.437 [boundedElastic-1]  - === Проверка обновлений завершена ===
2025-05-15 11:00:08.437 [boundedElastic-2]  - === Проверка обновлений завершена ===
2025-05-15 11:00:08.437 [boundedElastic-7]  - === Проверка обновлений завершена ===
2025-05-15 11:00:08.437 [boundedElastic-5]  - === Проверка обновлений завершена ===
2025-05-15 11:00:08.437 [boundedElastic-8]  - === Проверка обновлений завершена ===
2025-05-15 11:00:08.437 [boundedElastic-6]  - === Проверка обновлений завершена ===
2025-05-15 11:00:08.437 [boundedElastic-4]  - === Проверка обновлений завершена ===
2025-05-15 11:00:08.443 [reactor-http-nio-2]  - === Проверка обновлений завершена ===
2025-05-15 11:01:08.441 [scheduling-1]  - === Начало проверки обновлений ===
2025-05-15 11:01:08.447 [reactor-http-nio-2]  - Получены чаты для проверки: [882850654]
2025-05-15 11:01:08.448 [boundedElastic-8]  - === Проверка обновлений завершена ===
2025-05-15 11:01:08.448 [boundedElastic-6]  - === Проверка обновлений завершена ===
2025-05-15 11:01:08.448 [boundedElastic-4]  - === Проверка обновлений завершена ===
2025-05-15 11:01:08.448 [boundedElastic-2]  - === Проверка обновлений завершена ===
2025-05-15 11:01:08.448 [boundedElastic-7]  - === Проверка обновлений завершена ===
2025-05-15 11:01:08.448 [boundedElastic-1]  - === Проверка обновлений завершена ===
2025-05-15 11:01:08.448 [boundedElastic-5]  - === Проверка обновлений завершена ===
2025-05-15 11:01:08.452 [reactor-http-nio-2]  - === Проверка обновлений завершена ===
2025-05-15 11:02:08.451 [scheduling-1]  - === Начало проверки обновлений ===
2025-05-15 11:02:08.457 [reactor-http-nio-2]  - Получены чаты для проверки: [882850654]
2025-05-15 11:02:08.457 [boundedElastic-1]  - === Проверка обновлений завершена ===
2025-05-15 11:02:08.457 [boundedElastic-6]  - === Проверка обновлений завершена ===
2025-05-15 11:02:08.457 [boundedElastic-7]  - === Проверка обновлений завершена ===
2025-05-15 11:02:08.457 [boundedElastic-5]  - === Проверка обновлений завершена ===
2025-05-15 11:02:08.457 [boundedElastic-4]  - === Проверка обновлений завершена ===
2025-05-15 11:02:08.457 [boundedElastic-2]  - === Проверка обновлений завершена ===
2025-05-15 11:02:08.457 [boundedElastic-8]  - === Проверка обновлений завершена ===
2025-05-15 11:02:08.462 [reactor-http-nio-2]  - === Проверка обновлений завершена ===
2025-05-15 11:03:08.456 [scheduling-1]  - === Начало проверки обновлений ===
2025-05-15 11:03:08.456 [reactor-http-nio-2]  - Получены чаты для проверки: [882850654]
2025-05-15 11:03:08.460 [boundedElastic-8]  - === Проверка обновлений завершена ===
2025-05-15 11:03:08.460 [boundedElastic-1]  - === Проверка обновлений завершена ===
2025-05-15 11:03:08.460 [boundedElastic-5]  - === Проверка обновлений завершена ===
2025-05-15 11:03:08.460 [boundedElastic-4]  - === Проверка обновлений завершена ===
2025-05-15 11:03:08.460 [boundedElastic-2]  - === Проверка обновлений завершена ===
2025-05-15 11:03:08.460 [boundedElastic-6]  - === Проверка обновлений завершена ===
2025-05-15 11:03:08.460 [boundedElastic-7]  - === Проверка обновлений завершена ===
2025-05-15 11:03:08.460 [reactor-http-nio-2]  - === Проверка обновлений завершена ===
2025-05-15 11:04:08.461 [scheduling-1]  - === Начало проверки обновлений ===
2025-05-15 11:04:08.465 [reactor-http-nio-2]  - Получены чаты для проверки: [882850654]
2025-05-15 11:04:08.465 [boundedElastic-6]  - === Проверка обновлений завершена ===
2025-05-15 11:04:08.465 [boundedElastic-2]  - === Проверка обновлений завершена ===
2025-05-15 11:04:08.465 [boundedElastic-5]  - === Проверка обновлений завершена ===
2025-05-15 11:04:08.465 [boundedElastic-7]  - === Проверка обновлений завершена ===
2025-05-15 11:04:08.465 [boundedElastic-1]  - === Проверка обновлений завершена ===
2025-05-15 11:04:08.465 [boundedElastic-4]  - === Проверка обновлений завершена ===
2025-05-15 11:04:08.465 [boundedElastic-8]  - === Проверка обновлений завершена ===
2025-05-15 11:04:08.465 [reactor-http-nio-2]  - === Проверка обновлений завершена ===
2025-05-15 11:05:08.465 [scheduling-1]  - === Начало проверки обновлений ===
2025-05-15 11:05:08.465 [reactor-http-nio-2]  - Получены чаты для проверки: [882850654]
2025-05-15 11:05:08.465 [boundedElastic-4]  - === Проверка обновлений завершена ===
2025-05-15 11:05:08.465 [boundedElastic-7]  - === Проверка обновлений завершена ===
2025-05-15 11:05:08.465 [boundedElastic-5]  - === Проверка обновлений завершена ===
2025-05-15 11:05:08.465 [boundedElastic-8]  - === Проверка обновлений завершена ===
2025-05-15 11:05:08.465 [boundedElastic-2]  - === Проверка обновлений завершена ===
2025-05-15 11:05:08.465 [boundedElastic-1]  - === Проверка обновлений завершена ===
2025-05-15 11:05:08.465 [boundedElastic-6]  - === Проверка обновлений завершена ===
2025-05-15 11:05:08.475 [reactor-http-nio-2]  - === Проверка обновлений завершена ===
2025-05-15 11:06:08.470 [scheduling-1]  - === Начало проверки обновлений ===
2025-05-15 11:06:08.470 [reactor-http-nio-2]  - Получены чаты для проверки: [882850654]
2025-05-15 11:06:08.470 [boundedElastic-6]  - === Проверка обновлений завершена ===
2025-05-15 11:06:08.470 [boundedElastic-1]  - === Проверка обновлений завершена ===
2025-05-15 11:06:08.470 [boundedElastic-2]  - === Проверка обновлений завершена ===
2025-05-15 11:06:08.470 [boundedElastic-5]  - === Проверка обновлений завершена ===
2025-05-15 11:06:08.470 [boundedElastic-8]  - === Проверка обновлений завершена ===
2025-05-15 11:06:08.470 [boundedElastic-4]  - === Проверка обновлений завершена ===
2025-05-15 11:06:08.470 [boundedElastic-7]  - === Проверка обновлений завершена ===
2025-05-15 11:06:08.480 [reactor-http-nio-2]  - === Проверка обновлений завершена ===
2025-05-15 11:07:08.483 [scheduling-1]  - === Начало проверки обновлений ===
2025-05-15 11:07:08.483 [reactor-http-nio-2]  - Получены чаты для проверки: [882850654]
2025-05-15 11:07:08.483 [boundedElastic-4]  - === Проверка обновлений завершена ===
2025-05-15 11:07:08.483 [boundedElastic-2]  - === Проверка обновлений завершена ===
2025-05-15 11:07:08.483 [boundedElastic-8]  - === Проверка обновлений завершена ===
2025-05-15 11:07:08.483 [boundedElastic-7]  - === Проверка обновлений завершена ===
2025-05-15 11:07:08.483 [boundedElastic-6]  - === Проверка обновлений завершена ===
2025-05-15 11:07:08.483 [boundedElastic-5]  - === Проверка обновлений завершена ===
2025-05-15 11:07:08.483 [boundedElastic-1]  - === Проверка обновлений завершена ===
2025-05-15 11:07:08.483 [reactor-http-nio-2]  - === Проверка обновлений завершена ===
2025-05-15 11:08:08.487 [scheduling-1]  - === Начало проверки обновлений ===
2025-05-15 11:08:08.487 [reactor-http-nio-2]  - Получены чаты для проверки: [882850654]
2025-05-15 11:08:08.487 [boundedElastic-5]  - === Проверка обновлений завершена ===
2025-05-15 11:08:08.487 [boundedElastic-4]  - === Проверка обновлений завершена ===
2025-05-15 11:08:08.487 [boundedElastic-6]  - === Проверка обновлений завершена ===
2025-05-15 11:08:08.487 [boundedElastic-7]  - === Проверка обновлений завершена ===
2025-05-15 11:08:08.487 [boundedElastic-1]  - === Проверка обновлений завершена ===
2025-05-15 11:08:08.487 [boundedElastic-8]  - === Проверка обновлений завершена ===
2025-05-15 11:08:08.487 [boundedElastic-2]  - === Проверка обновлений завершена ===
2025-05-15 11:08:08.487 [reactor-http-nio-2]  - === Проверка обновлений завершена ===
2025-05-15 11:09:08.491 [scheduling-1]  - === Начало проверки обновлений ===
2025-05-15 11:09:08.491 [reactor-http-nio-2]  - Получены чаты для проверки: [882850654]
2025-05-15 11:09:08.491 [boundedElastic-8]  - === Проверка обновлений завершена ===
2025-05-15 11:09:08.491 [boundedElastic-4]  - === Проверка обновлений завершена ===
2025-05-15 11:09:08.491 [boundedElastic-6]  - === Проверка обновлений завершена ===
2025-05-15 11:09:08.491 [boundedElastic-7]  - === Проверка обновлений завершена ===
2025-05-15 11:09:08.491 [boundedElastic-5]  - === Проверка обновлений завершена ===
2025-05-15 11:09:08.491 [boundedElastic-2]  - === Проверка обновлений завершена ===
2025-05-15 11:09:08.491 [boundedElastic-1]  - === Проверка обновлений завершена ===
2025-05-15 11:09:08.491 [reactor-http-nio-2]  - === Проверка обновлений завершена ===
2025-05-15 11:10:08.496 [scheduling-1]  - === Начало проверки обновлений ===
2025-05-15 11:10:08.496 [reactor-http-nio-2]  - Получены чаты для проверки: [882850654]
2025-05-15 11:10:08.496 [boundedElastic-2]  - === Проверка обновлений завершена ===
2025-05-15 11:10:08.496 [boundedElastic-5]  - === Проверка обновлений завершена ===
2025-05-15 11:10:08.496 [boundedElastic-8]  - === Проверка обновлений завершена ===
2025-05-15 11:10:08.496 [boundedElastic-7]  - === Проверка обновлений завершена ===
2025-05-15 11:10:08.496 [boundedElastic-1]  - === Проверка обновлений завершена ===
2025-05-15 11:10:08.496 [boundedElastic-6]  - === Проверка обновлений завершена ===
2025-05-15 11:10:08.496 [boundedElastic-4]  - === Проверка обновлений завершена ===
2025-05-15 11:10:08.496 [reactor-http-nio-2]  - === Проверка обновлений завершена ===
2025-05-15 11:11:08.502 [scheduling-1]  - === Начало проверки обновлений ===
2025-05-15 11:11:08.508 [reactor-http-nio-2]  - Получены чаты для проверки: [882850654]
2025-05-15 11:11:08.508 [boundedElastic-4]  - === Проверка обновлений завершена ===
2025-05-15 11:11:08.508 [boundedElastic-8]  - === Проверка обновлений завершена ===
2025-05-15 11:11:08.508 [boundedElastic-7]  - === Проверка обновлений завершена ===
2025-05-15 11:11:08.508 [boundedElastic-6]  - === Проверка обновлений завершена ===
2025-05-15 11:11:08.508 [boundedElastic-1]  - === Проверка обновлений завершена ===
2025-05-15 11:11:08.508 [boundedElastic-2]  - === Проверка обновлений завершена ===
2025-05-15 11:11:08.508 [boundedElastic-5]  - === Проверка обновлений завершена ===
2025-05-15 11:11:08.513 [reactor-http-nio-2]  - === Проверка обновлений завершена ===
2025-05-15 11:12:08.508 [scheduling-1]  - === Начало проверки обновлений ===
2025-05-15 11:12:08.508 [reactor-http-nio-2]  - Получены чаты для проверки: [882850654]
2025-05-15 11:12:08.508 [boundedElastic-7]  - === Проверка обновлений завершена ===
2025-05-15 11:12:08.508 [boundedElastic-4]  - === Проверка обновлений завершена ===
2025-05-15 11:12:08.508 [boundedElastic-6]  - === Проверка обновлений завершена ===
2025-05-15 11:12:08.508 [boundedElastic-5]  - === Проверка обновлений завершена ===
2025-05-15 11:12:08.508 [boundedElastic-1]  - === Проверка обновлений завершена ===
2025-05-15 11:12:08.508 [boundedElastic-8]  - === Проверка обновлений завершена ===
2025-05-15 11:12:08.508 [boundedElastic-2]  - === Проверка обновлений завершена ===
2025-05-15 11:12:08.508 [reactor-http-nio-2]  - === Проверка обновлений завершена ===
2025-05-15 11:13:08.513 [scheduling-1]  - === Начало проверки обновлений ===
2025-05-15 11:13:08.513 [reactor-http-nio-2]  - Получены чаты для проверки: [882850654]
2025-05-15 11:13:08.513 [boundedElastic-8]  - === Проверка обновлений завершена ===
2025-05-15 11:13:08.513 [boundedElastic-2]  - === Проверка обновлений завершена ===
2025-05-15 11:13:08.513 [boundedElastic-1]  - === Проверка обновлений завершена ===
2025-05-15 11:13:08.513 [boundedElastic-5]  - === Проверка обновлений завершена ===
2025-05-15 11:13:08.513 [boundedElastic-7]  - === Проверка обновлений завершена ===
2025-05-15 11:13:08.513 [boundedElastic-6]  - === Проверка обновлений завершена ===
2025-05-15 11:13:08.513 [boundedElastic-4]  - === Проверка обновлений завершена ===
2025-05-15 11:13:08.518 [reactor-http-nio-2]  - === Проверка обновлений завершена ===
2025-05-15 11:14:08.525 [scheduling-1]  - === Начало проверки обновлений ===
2025-05-15 11:14:08.530 [reactor-http-nio-2]  - Получены чаты для проверки: [882850654]
2025-05-15 11:14:08.530 [boundedElastic-6]  - === Проверка обновлений завершена ===
2025-05-15 11:14:08.530 [boundedElastic-1]  - === Проверка обновлений завершена ===
2025-05-15 11:14:08.530 [boundedElastic-2]  - === Проверка обновлений завершена ===
2025-05-15 11:14:08.530 [boundedElastic-8]  - === Проверка обновлений завершена ===
2025-05-15 11:14:08.530 [boundedElastic-7]  - === Проверка обновлений завершена ===
2025-05-15 11:14:08.530 [boundedElastic-4]  - === Проверка обновлений завершена ===
2025-05-15 11:14:08.530 [boundedElastic-5]  - === Проверка обновлений завершена ===
2025-05-15 11:14:08.535 [reactor-http-nio-2]  - === Проверка обновлений завершена ===
2025-05-15 11:15:08.527 [scheduling-1]  - === Начало проверки обновлений ===
2025-05-15 11:15:08.529 [reactor-http-nio-2]  - Получены чаты для проверки: [882850654]
2025-05-15 11:15:08.529 [boundedElastic-4]  - === Проверка обновлений завершена ===
2025-05-15 11:15:08.529 [boundedElastic-8]  - === Проверка обновлений завершена ===
2025-05-15 11:15:08.529 [boundedElastic-1]  - === Проверка обновлений завершена ===
2025-05-15 11:15:08.529 [boundedElastic-5]  - === Проверка обновлений завершена ===
2025-05-15 11:15:08.529 [boundedElastic-7]  - === Проверка обновлений завершена ===
2025-05-15 11:15:08.529 [boundedElastic-6]  - === Проверка обновлений завершена ===
2025-05-15 11:15:08.529 [boundedElastic-2]  - === Проверка обновлений завершена ===
2025-05-15 11:15:08.538 [reactor-http-nio-2]  - === Проверка обновлений завершена ===
2025-05-15 11:16:08.536 [scheduling-1]  - === Начало проверки обновлений ===
2025-05-15 11:16:08.543 [reactor-http-nio-2]  - Получены чаты для проверки: [882850654]
2025-05-15 11:16:08.543 [boundedElastic-2]  - === Проверка обновлений завершена ===
2025-05-15 11:16:08.543 [boundedElastic-8]  - === Проверка обновлений завершена ===
2025-05-15 11:16:08.543 [boundedElastic-6]  - === Проверка обновлений завершена ===
2025-05-15 11:16:08.543 [boundedElastic-7]  - === Проверка обновлений завершена ===
2025-05-15 11:16:08.550 [boundedElastic-5]  - === Проверка обновлений завершена ===
2025-05-15 11:16:08.543 [boundedElastic-1]  - === Проверка обновлений завершена ===
2025-05-15 11:16:08.550 [boundedElastic-4]  - === Проверка обновлений завершена ===
2025-05-15 11:16:08.555 [reactor-http-nio-2]  - === Проверка обновлений завершена ===
2025-05-15 11:17:08.552 [scheduling-1]  - === Начало проверки обновлений ===
2025-05-15 11:17:08.552 [reactor-http-nio-2]  - Получены чаты для проверки: [882850654]
2025-05-15 11:17:08.552 [boundedElastic-4]  - === Проверка обновлений завершена ===
2025-05-15 11:17:08.552 [boundedElastic-8]  - === Проверка обновлений завершена ===
2025-05-15 11:17:08.552 [boundedElastic-7]  - === Проверка обновлений завершена ===
2025-05-15 11:17:08.552 [boundedElastic-6]  - === Проверка обновлений завершена ===
2025-05-15 11:17:08.552 [boundedElastic-2]  - === Проверка обновлений завершена ===
2025-05-15 11:17:08.552 [boundedElastic-5]  - === Проверка обновлений завершена ===
2025-05-15 11:17:08.552 [boundedElastic-1]  - === Проверка обновлений завершена ===
2025-05-15 11:17:08.571 [reactor-http-nio-2]  - === Проверка обновлений завершена ===
2025-05-15 11:18:08.558 [scheduling-1]  - === Начало проверки обновлений ===
2025-05-15 11:18:08.558 [reactor-http-nio-2]  - Получены чаты для проверки: [882850654]
2025-05-15 11:18:08.558 [boundedElastic-6]  - === Проверка обновлений завершена ===
2025-05-15 11:18:08.558 [boundedElastic-2]  - === Проверка обновлений завершена ===
2025-05-15 11:18:08.558 [boundedElastic-1]  - === Проверка обновлений завершена ===
2025-05-15 11:18:08.558 [boundedElastic-8]  - === Проверка обновлений завершена ===
2025-05-15 11:18:08.558 [boundedElastic-5]  - === Проверка обновлений завершена ===
2025-05-15 11:18:08.558 [boundedElastic-4]  - === Проверка обновлений завершена ===
2025-05-15 11:18:08.558 [boundedElastic-7]  - === Проверка обновлений завершена ===
2025-05-15 11:18:08.568 [reactor-http-nio-2]  - === Проверка обновлений завершена ===
2025-05-15 11:19:08.566 [scheduling-1]  - === Начало проверки обновлений ===
2025-05-15 11:19:08.571 [reactor-http-nio-2]  - Получены чаты для проверки: [882850654]
2025-05-15 11:19:08.571 [boundedElastic-4]  - === Проверка обновлений завершена ===
2025-05-15 11:19:08.571 [boundedElastic-5]  - === Проверка обновлений завершена ===
2025-05-15 11:19:08.571 [boundedElastic-1]  - === Проверка обновлений завершена ===
2025-05-15 11:19:08.571 [boundedElastic-8]  - === Проверка обновлений завершена ===
2025-05-15 11:19:08.571 [boundedElastic-2]  - === Проверка обновлений завершена ===
2025-05-15 11:19:08.571 [boundedElastic-6]  - === Проверка обновлений завершена ===
2025-05-15 11:19:08.571 [boundedElastic-7]  - === Проверка обновлений завершена ===
2025-05-15 11:19:08.575 [reactor-http-nio-2]  - === Проверка обновлений завершена ===
2025-05-15 11:20:08.567 [scheduling-1]  - === Начало проверки обновлений ===
2025-05-15 11:20:08.572 [reactor-http-nio-2]  - Получены чаты для проверки: [882850654]
2025-05-15 11:20:08.572 [boundedElastic-7]  - === Проверка обновлений завершена ===
2025-05-15 11:20:08.572 [boundedElastic-2]  - === Проверка обновлений завершена ===
2025-05-15 11:20:08.572 [boundedElastic-1]  - === Проверка обновлений завершена ===
2025-05-15 11:20:08.572 [boundedElastic-8]  - === Проверка обновлений завершена ===
2025-05-15 11:20:08.572 [boundedElastic-6]  - === Проверка обновлений завершена ===
2025-05-15 11:20:08.572 [boundedElastic-4]  - === Проверка обновлений завершена ===
2025-05-15 11:20:08.572 [boundedElastic-5]  - === Проверка обновлений завершена ===
2025-05-15 11:20:08.572 [reactor-http-nio-2]  - === Проверка обновлений завершена ===
2025-05-15 11:21:08.569 [scheduling-1]  - === Начало проверки обновлений ===
2025-05-15 11:21:08.574 [reactor-http-nio-2]  - Получены чаты для проверки: [882850654]
2025-05-15 11:21:08.574 [boundedElastic-4]  - === Проверка обновлений завершена ===
2025-05-15 11:21:08.574 [boundedElastic-8]  - === Проверка обновлений завершена ===
2025-05-15 11:21:08.574 [boundedElastic-1]  - === Проверка обновлений завершена ===
2025-05-15 11:21:08.574 [boundedElastic-2]  - === Проверка обновлений завершена ===
2025-05-15 11:21:08.574 [boundedElastic-7]  - === Проверка обновлений завершена ===
2025-05-15 11:21:08.574 [boundedElastic-5]  - === Проверка обновлений завершена ===
2025-05-15 11:21:08.574 [boundedElastic-6]  - === Проверка обновлений завершена ===
2025-05-15 11:21:08.578 [reactor-http-nio-2]  - === Проверка обновлений завершена ===
2025-05-15 11:22:08.573 [scheduling-1]  - === Начало проверки обновлений ===
2025-05-15 11:22:08.573 [reactor-http-nio-2]  - Получены чаты для проверки: [882850654]
2025-05-15 11:22:08.573 [boundedElastic-5]  - === Проверка обновлений завершена ===
2025-05-15 11:22:08.573 [boundedElastic-7]  - === Проверка обновлений завершена ===
2025-05-15 11:22:08.573 [boundedElastic-1]  - === Проверка обновлений завершена ===
2025-05-15 11:22:08.573 [boundedElastic-6]  - === Проверка обновлений завершена ===
2025-05-15 11:22:08.573 [boundedElastic-8]  - === Проверка обновлений завершена ===
2025-05-15 11:22:08.573 [boundedElastic-2]  - === Проверка обновлений завершена ===
2025-05-15 11:22:08.573 [boundedElastic-4]  - === Проверка обновлений завершена ===
2025-05-15 11:22:08.573 [reactor-http-nio-2]  - === Проверка обновлений завершена ===
2025-05-15 11:23:08.589 [scheduling-1]  - === Начало проверки обновлений ===
2025-05-15 11:23:08.590 [reactor-http-nio-2]  - Получены чаты для проверки: [882850654]
2025-05-15 11:23:08.590 [boundedElastic-8]  - === Проверка обновлений завершена ===
2025-05-15 11:23:08.590 [boundedElastic-2]  - === Проверка обновлений завершена ===
2025-05-15 11:23:08.590 [boundedElastic-7]  - === Проверка обновлений завершена ===
2025-05-15 11:23:08.590 [boundedElastic-5]  - === Проверка обновлений завершена ===
2025-05-15 11:23:08.590 [boundedElastic-4]  - === Проверка обновлений завершена ===
2025-05-15 11:23:08.590 [boundedElastic-6]  - === Проверка обновлений завершена ===
2025-05-15 11:23:08.590 [boundedElastic-1]  - === Проверка обновлений завершена ===
2025-05-15 11:23:08.599 [reactor-http-nio-2]  - === Проверка обновлений завершена ===
2025-05-15 11:24:08.599 [scheduling-1]  - === Начало проверки обновлений ===
2025-05-15 11:24:08.605 [reactor-http-nio-2]  - Получены чаты для проверки: [882850654]
2025-05-15 11:24:08.606 [boundedElastic-5]  - === Проверка обновлений завершена ===
2025-05-15 11:24:08.606 [boundedElastic-1]  - === Проверка обновлений завершена ===
2025-05-15 11:24:08.606 [boundedElastic-6]  - === Проверка обновлений завершена ===
2025-05-15 11:24:08.606 [boundedElastic-2]  - === Проверка обновлений завершена ===
2025-05-15 11:24:08.606 [boundedElastic-4]  - === Проверка обновлений завершена ===
2025-05-15 11:24:08.606 [boundedElastic-7]  - === Проверка обновлений завершена ===
2025-05-15 11:24:08.607 [boundedElastic-8]  - === Проверка обновлений завершена ===
2025-05-15 11:24:08.608 [reactor-http-nio-2]  - === Проверка обновлений завершена ===
2025-05-15 11:25:08.605 [scheduling-1]  - === Начало проверки обновлений ===
2025-05-15 11:25:08.609 [reactor-http-nio-2]  - Получены чаты для проверки: [882850654]
2025-05-15 11:25:08.611 [boundedElastic-8]  - === Проверка обновлений завершена ===
2025-05-15 11:25:08.611 [boundedElastic-2]  - === Проверка обновлений завершена ===
2025-05-15 11:25:08.611 [boundedElastic-6]  - === Проверка обновлений завершена ===
2025-05-15 11:25:08.611 [boundedElastic-1]  - === Проверка обновлений завершена ===
2025-05-15 11:25:08.611 [boundedElastic-5]  - === Проверка обновлений завершена ===
2025-05-15 11:25:08.611 [boundedElastic-7]  - === Проверка обновлений завершена ===
2025-05-15 11:25:08.611 [boundedElastic-4]  - === Проверка обновлений завершена ===
2025-05-15 11:25:08.616 [reactor-http-nio-2]  - === Проверка обновлений завершена ===
2025-05-15 11:26:08.614 [scheduling-1]  - === Начало проверки обновлений ===
2025-05-15 11:26:08.614 [reactor-http-nio-2]  - Получены чаты для проверки: [882850654]
2025-05-15 11:26:08.614 [boundedElastic-8]  - === Проверка обновлений завершена ===
2025-05-15 11:26:08.614 [boundedElastic-1]  - === Проверка обновлений завершена ===
2025-05-15 11:26:08.614 [boundedElastic-5]  - === Проверка обновлений завершена ===
2025-05-15 11:26:08.614 [boundedElastic-6]  - === Проверка обновлений завершена ===
2025-05-15 11:26:08.614 [boundedElastic-4]  - === Проверка обновлений завершена ===
2025-05-15 11:26:08.614 [boundedElastic-2]  - === Проверка обновлений завершена ===
2025-05-15 11:26:08.614 [boundedElastic-7]  - === Проверка обновлений завершена ===
2025-05-15 11:26:08.614 [reactor-http-nio-2]  - === Проверка обновлений завершена ===
2025-05-15 11:27:08.621 [scheduling-1]  - === Начало проверки обновлений ===
2025-05-15 11:27:08.621 [reactor-http-nio-2]  - Получены чаты для проверки: [882850654]
2025-05-15 11:27:08.621 [boundedElastic-2]  - === Проверка обновлений завершена ===
2025-05-15 11:27:08.621 [boundedElastic-5]  - === Проверка обновлений завершена ===
2025-05-15 11:27:08.621 [boundedElastic-4]  - === Проверка обновлений завершена ===
2025-05-15 11:27:08.621 [boundedElastic-6]  - === Проверка обновлений завершена ===
2025-05-15 11:27:08.621 [boundedElastic-8]  - === Проверка обновлений завершена ===
2025-05-15 11:27:08.621 [boundedElastic-1]  - === Проверка обновлений завершена ===
2025-05-15 11:27:08.621 [boundedElastic-7]  - === Проверка обновлений завершена ===
2025-05-15 11:27:08.621 [reactor-http-nio-2]  - === Проверка обновлений завершена ===
2025-05-15 11:28:08.625 [scheduling-1]  - === Начало проверки обновлений ===
2025-05-15 11:28:08.625 [reactor-http-nio-2]  - Получены чаты для проверки: [882850654]
2025-05-15 11:28:08.625 [boundedElastic-1]  - === Проверка обновлений завершена ===
2025-05-15 11:28:08.625 [boundedElastic-4]  - === Проверка обновлений завершена ===
2025-05-15 11:28:08.625 [boundedElastic-7]  - === Проверка обновлений завершена ===
2025-05-15 11:28:08.625 [boundedElastic-6]  - === Проверка обновлений завершена ===
2025-05-15 11:28:08.625 [boundedElastic-5]  - === Проверка обновлений завершена ===
2025-05-15 11:28:08.625 [boundedElastic-8]  - === Проверка обновлений завершена ===
2025-05-15 11:28:08.625 [boundedElastic-2]  - === Проверка обновлений завершена ===
2025-05-15 11:28:08.635 [reactor-http-nio-2]  - === Проверка обновлений завершена ===
2025-05-15 11:29:08.628 [scheduling-1]  - === Начало проверки обновлений ===
2025-05-15 11:29:08.628 [reactor-http-nio-2]  - Получены чаты для проверки: [882850654]
2025-05-15 11:29:08.628 [boundedElastic-5]  - === Проверка обновлений завершена ===
2025-05-15 11:29:08.628 [boundedElastic-1]  - === Проверка обновлений завершена ===
2025-05-15 11:29:08.628 [boundedElastic-4]  - === Проверка обновлений завершена ===
2025-05-15 11:29:08.628 [boundedElastic-2]  - === Проверка обновлений завершена ===
2025-05-15 11:29:08.628 [boundedElastic-8]  - === Проверка обновлений завершена ===
2025-05-15 11:29:08.628 [boundedElastic-7]  - === Проверка обновлений завершена ===
2025-05-15 11:29:08.628 [boundedElastic-6]  - === Проверка обновлений завершена ===
2025-05-15 11:29:08.628 [reactor-http-nio-2]  - === Проверка обновлений завершена ===
2025-05-15 11:30:08.640 [scheduling-1]  - === Начало проверки обновлений ===
2025-05-15 11:30:08.641 [reactor-http-nio-2]  - Получены чаты для проверки: [882850654]
2025-05-15 11:30:08.641 [boundedElastic-7]  - === Проверка обновлений завершена ===
2025-05-15 11:30:08.641 [boundedElastic-4]  - === Проверка обновлений завершена ===
2025-05-15 11:30:08.641 [boundedElastic-6]  - === Проверка обновлений завершена ===
2025-05-15 11:30:08.641 [boundedElastic-8]  - === Проверка обновлений завершена ===
2025-05-15 11:30:08.641 [boundedElastic-2]  - === Проверка обновлений завершена ===
2025-05-15 11:30:08.641 [boundedElastic-1]  - === Проверка обновлений завершена ===
2025-05-15 11:30:08.641 [boundedElastic-5]  - === Проверка обновлений завершена ===
2025-05-15 11:30:08.641 [reactor-http-nio-2]  - === Проверка обновлений завершена ===
2025-05-15 11:31:08.642 [scheduling-1]  - === Начало проверки обновлений ===
2025-05-15 11:31:08.647 [reactor-http-nio-2]  - Получены чаты для проверки: [882850654]
2025-05-15 11:31:08.647 [boundedElastic-5]  - === Проверка обновлений завершена ===
2025-05-15 11:31:08.647 [boundedElastic-4]  - === Проверка обновлений завершена ===
2025-05-15 11:31:08.647 [boundedElastic-7]  - === Проверка обновлений завершена ===
2025-05-15 11:31:08.647 [boundedElastic-1]  - === Проверка обновлений завершена ===
2025-05-15 11:31:08.647 [boundedElastic-2]  - === Проверка обновлений завершена ===
2025-05-15 11:31:08.647 [boundedElastic-8]  - === Проверка обновлений завершена ===
2025-05-15 11:31:08.647 [boundedElastic-6]  - === Проверка обновлений завершена ===
2025-05-15 11:31:08.653 [reactor-http-nio-2]  - === Проверка обновлений завершена ===
2025-05-15 11:32:08.650 [scheduling-1]  - === Начало проверки обновлений ===
2025-05-15 11:32:08.650 [reactor-http-nio-2]  - Получены чаты для проверки: [882850654]
2025-05-15 11:32:08.650 [boundedElastic-6]  - === Проверка обновлений завершена ===
2025-05-15 11:32:08.650 [boundedElastic-5]  - === Проверка обновлений завершена ===
2025-05-15 11:32:08.650 [boundedElastic-2]  - === Проверка обновлений завершена ===
2025-05-15 11:32:08.650 [boundedElastic-8]  - === Проверка обновлений завершена ===
2025-05-15 11:32:08.650 [boundedElastic-1]  - === Проверка обновлений завершена ===
2025-05-15 11:32:08.650 [boundedElastic-7]  - === Проверка обновлений завершена ===
2025-05-15 11:32:08.650 [boundedElastic-4]  - === Проверка обновлений завершена ===
2025-05-15 11:32:08.660 [reactor-http-nio-2]  - === Проверка обновлений завершена ===
2025-05-15 11:33:08.655 [scheduling-1]  - === Начало проверки обновлений ===
2025-05-15 11:33:08.655 [reactor-http-nio-2]  - Получены чаты для проверки: [882850654]
2025-05-15 11:33:08.655 [boundedElastic-4]  - === Проверка обновлений завершена ===
2025-05-15 11:33:08.655 [boundedElastic-8]  - === Проверка обновлений завершена ===
2025-05-15 11:33:08.655 [boundedElastic-7]  - === Проверка обновлений завершена ===
2025-05-15 11:33:08.655 [boundedElastic-1]  - === Проверка обновлений завершена ===
2025-05-15 11:33:08.655 [boundedElastic-2]  - === Проверка обновлений завершена ===
2025-05-15 11:33:08.655 [boundedElastic-5]  - === Проверка обновлений завершена ===
2025-05-15 11:33:08.655 [boundedElastic-6]  - === Проверка обновлений завершена ===
2025-05-15 11:33:08.665 [reactor-http-nio-2]  - === Проверка обновлений завершена ===
2025-05-15 11:34:08.668 [scheduling-1]  - === Начало проверки обновлений ===
2025-05-15 11:34:08.668 [reactor-http-nio-2]  - Получены чаты для проверки: [882850654]
2025-05-15 11:34:08.668 [boundedElastic-6]  - === Проверка обновлений завершена ===
2025-05-15 11:34:08.668 [boundedElastic-1]  - === Проверка обновлений завершена ===
2025-05-15 11:34:08.668 [boundedElastic-7]  - === Проверка обновлений завершена ===
2025-05-15 11:34:08.668 [boundedElastic-2]  - === Проверка обновлений завершена ===
2025-05-15 11:34:08.668 [boundedElastic-8]  - === Проверка обновлений завершена ===
2025-05-15 11:34:08.668 [boundedElastic-5]  - === Проверка обновлений завершена ===
2025-05-15 11:34:08.668 [boundedElastic-4]  - === Проверка обновлений завершена ===
2025-05-15 11:34:08.668 [reactor-http-nio-2]  - === Проверка обновлений завершена ===
2025-05-15 11:35:08.673 [scheduling-1]  - === Начало проверки обновлений ===
2025-05-15 11:35:08.673 [reactor-http-nio-2]  - Получены чаты для проверки: [882850654]
2025-05-15 11:35:08.673 [boundedElastic-4]  - === Проверка обновлений завершена ===
2025-05-15 11:35:08.673 [boundedElastic-1]  - === Проверка обновлений завершена ===
2025-05-15 11:35:08.673 [boundedElastic-2]  - === Проверка обновлений завершена ===
2025-05-15 11:35:08.673 [boundedElastic-5]  - === Проверка обновлений завершена ===
2025-05-15 11:35:08.673 [boundedElastic-6]  - === Проверка обновлений завершена ===
2025-05-15 11:35:08.673 [boundedElastic-7]  - === Проверка обновлений завершена ===
2025-05-15 11:35:08.673 [boundedElastic-8]  - === Проверка обновлений завершена ===
2025-05-15 11:35:08.673 [reactor-http-nio-2]  - === Проверка обновлений завершена ===
2025-05-15 11:36:08.677 [scheduling-1]  - === Начало проверки обновлений ===
2025-05-15 11:36:08.687 [reactor-http-nio-3]  - Получены чаты для проверки: [882850654]
2025-05-15 11:36:08.687 [boundedElastic-8]  - === Проверка обновлений завершена ===
2025-05-15 11:36:08.687 [boundedElastic-2]  - === Проверка обновлений завершена ===
2025-05-15 11:36:08.687 [boundedElastic-6]  - === Проверка обновлений завершена ===
2025-05-15 11:36:08.687 [boundedElastic-7]  - === Проверка обновлений завершена ===
2025-05-15 11:36:08.687 [boundedElastic-5]  - === Проверка обновлений завершена ===
2025-05-15 11:36:08.687 [boundedElastic-4]  - === Проверка обновлений завершена ===
2025-05-15 11:36:08.687 [boundedElastic-1]  - === Проверка обновлений завершена ===
2025-05-15 11:36:08.693 [reactor-http-nio-3]  - === Проверка обновлений завершена ===
2025-05-15 11:37:08.695 [scheduling-1]  - === Начало проверки обновлений ===
2025-05-15 11:37:08.695 [reactor-http-nio-3]  - Получены чаты для проверки: [882850654]
2025-05-15 11:37:08.695 [boundedElastic-1]  - === Проверка обновлений завершена ===
2025-05-15 11:37:08.695 [boundedElastic-7]  - === Проверка обновлений завершена ===
2025-05-15 11:37:08.695 [boundedElastic-4]  - === Проверка обновлений завершена ===
2025-05-15 11:37:08.695 [boundedElastic-8]  - === Проверка обновлений завершена ===
2025-05-15 11:37:08.695 [boundedElastic-5]  - === Проверка обновлений завершена ===
2025-05-15 11:37:08.695 [boundedElastic-2]  - === Проверка обновлений завершена ===
2025-05-15 11:37:08.695 [boundedElastic-6]  - === Проверка обновлений завершена ===
2025-05-15 11:37:08.695 [reactor-http-nio-3]  - === Проверка обновлений завершена ===
2025-05-15 11:38:08.700 [scheduling-1]  - === Начало проверки обновлений ===
2025-05-15 11:38:08.700 [reactor-http-nio-3]  - Получены чаты для проверки: [882850654]
2025-05-15 11:38:08.700 [boundedElastic-8]  - === Проверка обновлений завершена ===
2025-05-15 11:38:08.700 [boundedElastic-7]  - === Проверка обновлений завершена ===
2025-05-15 11:38:08.700 [boundedElastic-4]  - === Проверка обновлений завершена ===
2025-05-15 11:38:08.700 [boundedElastic-2]  - === Проверка обновлений завершена ===
2025-05-15 11:38:08.700 [boundedElastic-5]  - === Проверка обновлений завершена ===
2025-05-15 11:38:08.700 [boundedElastic-1]  - === Проверка обновлений завершена ===
2025-05-15 11:38:08.700 [boundedElastic-6]  - === Проверка обновлений завершена ===
2025-05-15 11:38:08.700 [reactor-http-nio-3]  - === Проверка обновлений завершена ===
2025-05-15 11:39:08.704 [scheduling-1]  - === Начало проверки обновлений ===
2025-05-15 11:39:08.708 [reactor-http-nio-3]  - Получены чаты для проверки: [882850654]
2025-05-15 11:39:08.708 [boundedElastic-8]  - === Проверка обновлений завершена ===
2025-05-15 11:39:08.708 [boundedElastic-1]  - === Проверка обновлений завершена ===
2025-05-15 11:39:08.708 [boundedElastic-5]  - === Проверка обновлений завершена ===
2025-05-15 11:39:08.708 [boundedElastic-6]  - === Проверка обновлений завершена ===
2025-05-15 11:39:08.708 [boundedElastic-4]  - === Проверка обновлений завершена ===
2025-05-15 11:39:08.708 [boundedElastic-7]  - === Проверка обновлений завершена ===
2025-05-15 11:39:08.708 [boundedElastic-2]  - === Проверка обновлений завершена ===
2025-05-15 11:39:08.712 [reactor-http-nio-3]  - === Проверка обновлений завершена ===
2025-05-15 11:40:08.719 [scheduling-1]  - === Начало проверки обновлений ===
2025-05-15 11:40:08.724 [reactor-http-nio-3]  - Получены чаты для проверки: [882850654]
2025-05-15 11:40:08.724 [boundedElastic-2]  - === Проверка обновлений завершена ===
2025-05-15 11:40:08.724 [boundedElastic-7]  - === Проверка обновлений завершена ===
2025-05-15 11:40:08.724 [boundedElastic-6]  - === Проверка обновлений завершена ===
2025-05-15 11:40:08.724 [boundedElastic-1]  - === Проверка обновлений завершена ===
2025-05-15 11:40:08.724 [boundedElastic-8]  - === Проверка обновлений завершена ===
2025-05-15 11:40:08.724 [boundedElastic-5]  - === Проверка обновлений завершена ===
2025-05-15 11:40:08.724 [boundedElastic-4]  - === Проверка обновлений завершена ===
2025-05-15 11:40:08.724 [reactor-http-nio-3]  - === Проверка обновлений завершена ===
2025-05-15 11:41:08.731 [scheduling-1]  - === Начало проверки обновлений ===
2025-05-15 11:41:08.735 [reactor-http-nio-3]  - Получены чаты для проверки: [882850654]
2025-05-15 11:41:08.735 [boundedElastic-4]  - === Проверка обновлений завершена ===
2025-05-15 11:41:08.735 [boundedElastic-6]  - === Проверка обновлений завершена ===
2025-05-15 11:41:08.735 [boundedElastic-7]  - === Проверка обновлений завершена ===
2025-05-15 11:41:08.735 [boundedElastic-1]  - === Проверка обновлений завершена ===
2025-05-15 11:41:08.735 [boundedElastic-2]  - === Проверка обновлений завершена ===
2025-05-15 11:41:08.735 [boundedElastic-8]  - === Проверка обновлений завершена ===
2025-05-15 11:41:08.735 [boundedElastic-5]  - === Проверка обновлений завершена ===
2025-05-15 11:41:08.739 [reactor-http-nio-3]  - === Проверка обновлений завершена ===
2025-05-15 11:42:08.737 [scheduling-1]  - === Начало проверки обновлений ===
2025-05-15 11:42:08.740 [reactor-http-nio-3]  - Получены чаты для проверки: [882850654]
2025-05-15 11:42:08.740 [boundedElastic-5]  - === Проверка обновлений завершена ===
2025-05-15 11:42:08.740 [boundedElastic-2]  - === Проверка обновлений завершена ===
2025-05-15 11:42:08.740 [boundedElastic-1]  - === Проверка обновлений завершена ===
2025-05-15 11:42:08.740 [boundedElastic-6]  - === Проверка обновлений завершена ===
2025-05-15 11:42:08.740 [boundedElastic-7]  - === Проверка обновлений завершена ===
2025-05-15 11:42:08.740 [boundedElastic-8]  - === Проверка обновлений завершена ===
2025-05-15 11:42:08.740 [boundedElastic-4]  - === Проверка обновлений завершена ===
2025-05-15 11:42:08.744 [reactor-http-nio-3]  - === Проверка обновлений завершена ===
2025-05-15 11:43:08.741 [scheduling-1]  - === Начало проверки обновлений ===
2025-05-15 11:43:08.741 [reactor-http-nio-3]  - Получены чаты для проверки: [882850654]
2025-05-15 11:43:08.741 [boundedElastic-1]  - === Проверка обновлений завершена ===
2025-05-15 11:43:08.741 [boundedElastic-6]  - === Проверка обновлений завершена ===
2025-05-15 11:43:08.741 [boundedElastic-5]  - === Проверка обновлений завершена ===
2025-05-15 11:43:08.741 [boundedElastic-8]  - === Проверка обновлений завершена ===
2025-05-15 11:43:08.741 [boundedElastic-7]  - === Проверка обновлений завершена ===
2025-05-15 11:43:08.741 [boundedElastic-2]  - === Проверка обновлений завершена ===
2025-05-15 11:43:08.741 [boundedElastic-4]  - === Проверка обновлений завершена ===
2025-05-15 11:43:08.751 [reactor-http-nio-3]  - === Проверка обновлений завершена ===
2025-05-15 11:44:08.758 [scheduling-1]  - === Начало проверки обновлений ===
2025-05-15 11:44:08.758 [reactor-http-nio-3]  - Получены чаты для проверки: [882850654]
2025-05-15 11:44:08.758 [boundedElastic-4]  - === Проверка обновлений завершена ===
2025-05-15 11:44:08.763 [boundedElastic-6]  - === Проверка обновлений завершена ===
2025-05-15 11:44:08.763 [boundedElastic-8]  - === Проверка обновлений завершена ===
2025-05-15 11:44:08.758 [boundedElastic-7]  - === Проверка обновлений завершена ===
2025-05-15 11:44:08.763 [boundedElastic-5]  - === Проверка обновлений завершена ===
2025-05-15 11:44:08.763 [boundedElastic-1]  - === Проверка обновлений завершена ===
2025-05-15 11:44:08.758 [boundedElastic-2]  - === Проверка обновлений завершена ===
2025-05-15 11:44:08.763 [reactor-http-nio-3]  - === Проверка обновлений завершена ===
