2025-05-22 11:07:56.271 [main]  - Starting TelegramChatBotApplication using Java 17.0.14 with PID 3836 (C:\Users\Морозов Иван\IdeaProjects\projectBotApi\telegram-bot\target\classes started by Морозов Иван in C:\Users\Морозов Иван\IdeaProjects\projectBotApi)
2025-05-22 11:07:56.273 [main]  - Running with Spring Boot v3.2.5, Spring v6.1.6
2025-05-22 11:07:56.274 [main]  - No active profile set, falling back to 1 default profile: "default"
2025-05-22 11:07:57.045 [main]  - Initializing ProtocolHandler ["http-nio-8080"]
2025-05-22 11:07:57.047 [main]  - Starting service [Tomcat]
2025-05-22 11:07:57.048 [main]  - Starting Servlet engine: [Apache Tomcat/10.1.20]
2025-05-22 11:07:57.093 [main]  - Initializing Spring embedded WebApplicationContext
2025-05-22 11:07:58.161 [main]  - Starting ProtocolHandler ["http-nio-8080"]
2025-05-22 11:07:58.238 [main]  - Started TelegramChatBotApplication in 2.32 seconds (process running for 3.151)
2025-05-22 11:22:01.391 [main]  - Starting TelegramChatBotApplication using Java 17.0.14 with PID 4364 (C:\Users\Морозов Иван\IdeaProjects\projectBotApi\telegram-bot\target\classes started by Морозов Иван in C:\Users\Морозов Иван\IdeaProjects\projectBotApi)
2025-05-22 11:22:01.392 [main]  - Running with Spring Boot v3.2.5, Spring v6.1.6
2025-05-22 11:22:01.393 [main]  - No active profile set, falling back to 1 default profile: "default"
2025-05-22 11:22:02.555 [main]  - Initializing ProtocolHandler ["http-nio-8080"]
2025-05-22 11:22:02.557 [main]  - Starting service [Tomcat]
2025-05-22 11:22:02.557 [main]  - Starting Servlet engine: [Apache Tomcat/10.1.20]
2025-05-22 11:22:02.641 [main]  - Initializing Spring embedded WebApplicationContext
2025-05-22 11:22:03.847 [main]  - Starting ProtocolHandler ["http-nio-8080"]
2025-05-22 11:22:03.937 [main]  - Started TelegramChatBotApplication in 3.127 seconds (process running for 4.196)
2025-05-22 14:04:01.318 [main]  - Starting TelegramChatBotApplication using Java 17.0.14 with PID 9084 (C:\Users\Морозов Иван\IdeaProjects\projectBotApi\telegram-bot\target\classes started by Морозов Иван in C:\Users\Морозов Иван\IdeaProjects\projectBotApi)
2025-05-22 14:04:01.319 [main]  - Running with Spring Boot v3.2.5, Spring v6.1.6
2025-05-22 14:04:01.319 [main]  - No active profile set, falling back to 1 default profile: "default"
2025-05-22 14:04:02.201 [main]  - Initializing ProtocolHandler ["http-nio-8080"]
2025-05-22 14:04:02.202 [main]  - Starting service [Tomcat]
2025-05-22 14:04:02.202 [main]  - Starting Servlet engine: [Apache Tomcat/10.1.20]
2025-05-22 14:04:02.249 [main]  - Initializing Spring embedded WebApplicationContext
2025-05-22 14:04:03.369 [main]  - Starting ProtocolHandler ["http-nio-8080"]
2025-05-22 14:04:03.446 [main]  - Started TelegramChatBotApplication in 2.571 seconds (process running for 3.523)
2025-05-22 14:04:17.096 [LinkHawkBot Telegram Executor]  - Пользователь подписался: chatId=882850654, questionId=79633573
2025-05-22 14:22:15.546 [main]  - Starting TelegramChatBotApplication using Java 17.0.14 with PID 4940 (C:\Users\Морозов Иван\IdeaProjects\projectBotApi\telegram-bot\target\classes started by Морозов Иван in C:\Users\Морозов Иван\IdeaProjects\projectBotApi)
2025-05-22 14:22:15.547 [main]  - Running with Spring Boot v3.2.5, Spring v6.1.6
2025-05-22 14:22:15.548 [main]  - No active profile set, falling back to 1 default profile: "default"
2025-05-22 14:22:16.324 [main]  - Initializing ProtocolHandler ["http-nio-8080"]
2025-05-22 14:22:16.325 [main]  - Starting service [Tomcat]
2025-05-22 14:22:16.325 [main]  - Starting Servlet engine: [Apache Tomcat/10.1.20]
2025-05-22 14:22:16.367 [main]  - Initializing Spring embedded WebApplicationContext
2025-05-22 14:22:17.353 [main]  - Starting ProtocolHandler ["http-nio-8080"]
2025-05-22 14:22:17.427 [main]  - Started TelegramChatBotApplication in 2.274 seconds (process running for 3.199)
2025-05-22 15:00:28.288 [main]  - Starting TelegramChatBotApplication using Java 17.0.14 with PID 7560 (C:\Users\Морозов Иван\IdeaProjects\projectBotApi\telegram-bot\target\classes started by Морозов Иван in C:\Users\Морозов Иван\IdeaProjects\projectBotApi)
2025-05-22 15:00:28.290 [main]  - Running with Spring Boot v3.2.5, Spring v6.1.6
2025-05-22 15:00:28.291 [main]  - No active profile set, falling back to 1 default profile: "default"
2025-05-22 15:00:29.289 [main]  - Initializing ProtocolHandler ["http-nio-8080"]
2025-05-22 15:00:29.291 [main]  - Starting service [Tomcat]
2025-05-22 15:00:29.291 [main]  - Starting Servlet engine: [Apache Tomcat/10.1.20]
2025-05-22 15:00:29.341 [main]  - Initializing Spring embedded WebApplicationContext
2025-05-22 15:00:30.314 [main]  - Starting ProtocolHandler ["http-nio-8080"]
2025-05-22 15:00:30.391 [main]  - Started TelegramChatBotApplication in 2.533 seconds (process running for 3.472)
2025-05-22 15:20:54.527 [main]  - Starting TelegramChatBotApplication using Java 17.0.14 with PID 9060 (C:\Users\Морозов Иван\IdeaProjects\projectBotApi\telegram-bot\target\classes started by Морозов Иван in C:\Users\Морозов Иван\IdeaProjects\projectBotApi)
2025-05-22 15:20:54.529 [main]  - Running with Spring Boot v3.2.5, Spring v6.1.6
2025-05-22 15:20:54.530 [main]  - No active profile set, falling back to 1 default profile: "default"
2025-05-22 15:20:55.453 [main]  - Initializing ProtocolHandler ["http-nio-8080"]
2025-05-22 15:20:55.455 [main]  - Starting service [Tomcat]
2025-05-22 15:20:55.455 [main]  - Starting Servlet engine: [Apache Tomcat/10.1.20]
2025-05-22 15:20:55.501 [main]  - Initializing Spring embedded WebApplicationContext
2025-05-22 15:20:56.541 [main]  - Starting ProtocolHandler ["http-nio-8080"]
2025-05-22 15:20:56.638 [main]  - Started TelegramChatBotApplication in 2.551 seconds (process running for 3.428)
2025-05-22 15:26:04.135 [main]  - Starting TelegramChatBotApplication using Java 17.0.14 with PID 9712 (C:\Users\Морозов Иван\IdeaProjects\projectBotApi\telegram-bot\target\classes started by Морозов Иван in C:\Users\Морозов Иван\IdeaProjects\projectBotApi)
2025-05-22 15:26:04.137 [main]  - Running with Spring Boot v3.2.5, Spring v6.1.6
2025-05-22 15:26:04.138 [main]  - No active profile set, falling back to 1 default profile: "default"
2025-05-22 15:26:05.119 [main]  - Initializing ProtocolHandler ["http-nio-8080"]
2025-05-22 15:26:05.121 [main]  - Starting service [Tomcat]
2025-05-22 15:26:05.121 [main]  - Starting Servlet engine: [Apache Tomcat/10.1.20]
2025-05-22 15:26:05.171 [main]  - Initializing Spring embedded WebApplicationContext
2025-05-22 15:26:06.370 [main]  - Starting ProtocolHandler ["http-nio-8080"]
2025-05-22 15:26:06.457 [main]  - Started TelegramChatBotApplication in 2.808 seconds (process running for 3.675)
2025-05-22 15:37:29.086 [main]  - Starting TelegramChatBotApplication using Java 17.0.14 with PID 5924 (C:\Users\Морозов Иван\IdeaProjects\projectBotApi\telegram-bot\target\classes started by Морозов Иван in C:\Users\Морозов Иван\IdeaProjects\projectBotApi)
2025-05-22 15:37:29.088 [main]  - Running with Spring Boot v3.2.5, Spring v6.1.6
2025-05-22 15:37:29.089 [main]  - No active profile set, falling back to 1 default profile: "default"
2025-05-22 15:37:29.985 [main]  - Initializing ProtocolHandler ["http-nio-8080"]
2025-05-22 15:37:29.986 [main]  - Starting service [Tomcat]
2025-05-22 15:37:29.986 [main]  - Starting Servlet engine: [Apache Tomcat/10.1.20]
2025-05-22 15:37:30.036 [main]  - Initializing Spring embedded WebApplicationContext
2025-05-22 15:37:31.143 [main]  - Starting ProtocolHandler ["http-nio-8080"]
2025-05-22 15:37:31.222 [main]  - Started TelegramChatBotApplication in 2.668 seconds (process running for 3.574)
2025-05-22 15:43:09.484 [main]  - Starting TelegramChatBotApplication using Java 17.0.14 with PID 3444 (C:\Users\Морозов Иван\IdeaProjects\projectBotApi\telegram-bot\target\classes started by Морозов Иван in C:\Users\Морозов Иван\IdeaProjects\projectBotApi)
2025-05-22 15:43:09.485 [main]  - Running with Spring Boot v3.2.5, Spring v6.1.6
2025-05-22 15:43:09.486 [main]  - No active profile set, falling back to 1 default profile: "default"
2025-05-22 15:43:10.501 [main]  - Initializing ProtocolHandler ["http-nio-8080"]
2025-05-22 15:43:10.503 [main]  - Starting service [Tomcat]
2025-05-22 15:43:10.503 [main]  - Starting Servlet engine: [Apache Tomcat/10.1.20]
2025-05-22 15:43:10.550 [main]  - Initializing Spring embedded WebApplicationContext
2025-05-22 15:43:11.628 [main]  - Starting ProtocolHandler ["http-nio-8080"]
2025-05-22 15:43:11.707 [main]  - Started TelegramChatBotApplication in 2.718 seconds (process running for 3.624)
2025-05-22 15:54:14.659 [main]  - Starting TelegramChatBotApplication using Java 17.0.14 with PID 9380 (C:\Users\Морозов Иван\IdeaProjects\projectBotApi\telegram-bot\target\classes started by Морозов Иван in C:\Users\Морозов Иван\IdeaProjects\projectBotApi)
2025-05-22 15:54:14.661 [main]  - Running with Spring Boot v3.2.5, Spring v6.1.6
2025-05-22 15:54:14.662 [main]  - No active profile set, falling back to 1 default profile: "default"
2025-05-22 15:54:15.777 [main]  - Initializing ProtocolHandler ["http-nio-8080"]
2025-05-22 15:54:15.778 [main]  - Starting service [Tomcat]
2025-05-22 15:54:15.778 [main]  - Starting Servlet engine: [Apache Tomcat/10.1.20]
2025-05-22 15:54:15.824 [main]  - Initializing Spring embedded WebApplicationContext
2025-05-22 15:54:16.997 [main]  - Starting ProtocolHandler ["http-nio-8080"]
2025-05-22 15:54:17.080 [main]  - Started TelegramChatBotApplication in 2.904 seconds (process running for 3.835)
2025-05-22 16:12:53.768 [main]  - Starting TelegramChatBotApplication using Java 17.0.14 with PID 8644 (C:\Users\Морозов Иван\IdeaProjects\projectBotApi\telegram-bot\target\classes started by Морозов Иван in C:\Users\Морозов Иван\IdeaProjects\projectBotApi)
2025-05-22 16:12:53.769 [main]  - Running with Spring Boot v3.2.5, Spring v6.1.6
2025-05-22 16:12:53.770 [main]  - No active profile set, falling back to 1 default profile: "default"
2025-05-22 16:12:54.676 [main]  - Initializing ProtocolHandler ["http-nio-8080"]
2025-05-22 16:12:54.678 [main]  - Starting service [Tomcat]
2025-05-22 16:12:54.678 [main]  - Starting Servlet engine: [Apache Tomcat/10.1.20]
2025-05-22 16:12:54.724 [main]  - Initializing Spring embedded WebApplicationContext
2025-05-22 16:12:55.700 [main]  - Starting ProtocolHandler ["http-nio-8080"]
2025-05-22 16:12:55.780 [main]  - Started TelegramChatBotApplication in 2.457 seconds (process running for 3.308)
2025-05-22 16:14:09.470 [LinkHawkBot Telegram Executor]  - Пользователь подписался: chatId=882850654, questionId=79633681
2025-05-22 16:34:40.179 [main]  - Starting TelegramChatBotApplication using Java 17.0.14 with PID 9300 (C:\Users\Морозов Иван\IdeaProjects\projectBotApi\telegram-bot\target\classes started by Морозов Иван in C:\Users\Морозов Иван\IdeaProjects\projectBotApi)
2025-05-22 16:34:40.181 [main]  - Running with Spring Boot v3.2.5, Spring v6.1.6
2025-05-22 16:34:40.182 [main]  - No active profile set, falling back to 1 default profile: "default"
2025-05-22 16:34:41.082 [main]  - Initializing ProtocolHandler ["http-nio-8080"]
2025-05-22 16:34:41.084 [main]  - Starting service [Tomcat]
2025-05-22 16:34:41.084 [main]  - Starting Servlet engine: [Apache Tomcat/10.1.20]
2025-05-22 16:34:41.138 [main]  - Initializing Spring embedded WebApplicationContext
2025-05-22 16:34:42.138 [main]  - Starting ProtocolHandler ["http-nio-8080"]
2025-05-22 16:34:42.228 [main]  - Started TelegramChatBotApplication in 2.489 seconds (process running for 3.319)
